3,198501_148.nc
3,198502_148.nc
3,198503_148.nc
3,198504_148.nc
3,198505_148.nc
3,198506_148.nc
3,198507_148.nc
3,198508_148.nc
3,198509_148.nc
3,198510_148.nc
3,198511_148.nc
3,198512_148.nc
4,198601_148.nc
4,198602_148.nc
4,198603_148.nc
4,198604_148.nc
4,198605_148.nc
4,198606_148.nc
4,198607_148.nc
4,198608_148.nc
4,198609_148.nc
4,198610_148.nc
4,198611_148.nc
4,198612_148.nc
5,198701_148.nc
5,198702_148.nc
5,198703_148.nc
5,198704_148.nc
5,198705_148.nc
5,198706_148.nc
5,198707_148.nc
5,198708_148.nc
5,198709_148.nc
5,198710_148.nc
5,198711_148.nc
5,198712_148.nc
49,198501_99.nc
49,198502_99.nc
49,198503_99.nc
49,198504_99.nc
49,198505_99.nc
49,198506_99.nc
49,198507_99.nc
49,198508_99.nc
49,198509_99.nc
49,198510_99.nc
49,198511_99.nc
49,198512_99.nc
50,198601_99.nc
50,198602_99.nc
50,198603_99.nc
50,198604_99.nc
50,198605_99.nc
50,198606_99.nc
50,198607_99.nc
50,198608_99.nc
50,198609_99.nc
50,198610_99.nc
50,198611_99.nc
50,198612_99.nc
51,198701_99.nc
51,198702_99.nc
51,198703_99.nc
51,198704_99.nc
51,198705_99.nc
51,198706_99.nc
51,198707_99.nc
51,198708_99.nc
51,198709_99.nc
51,198710_99.nc
51,198711_99.nc
51,198712_99.nc
70,198301_109.nc
70,198302_109.nc
70,198303_109.nc
70,198304_109.nc
70,198305_109.nc
70,198306_109.nc
70,198307_109.nc
70,198308_109.nc
70,198309_109.nc
70,198310_109.nc
70,198311_109.nc
70,198312_109.nc
71,198401_109.nc
71,198402_109.nc
71,198403_109.nc
71,198404_109.nc
71,198405_109.nc
71,198406_109.nc
71,198407_109.nc
71,198408_109.nc
71,198409_109.nc
71,198410_109.nc
71,198411_109.nc
71,198412_109.nc
72,198501_109.nc
72,198502_109.nc
72,198503_109.nc
72,198504_109.nc
72,198505_109.nc
72,198506_109.nc
72,198507_109.nc
72,198508_109.nc
72,198509_109.nc
72,198510_109.nc
72,198511_109.nc
72,198512_109.nc
73,198601_109.nc
73,198602_109.nc
73,198603_109.nc
73,198604_109.nc
73,198605_109.nc
73,198606_109.nc
73,198607_109.nc
73,198608_109.nc
73,198609_109.nc
73,198610_109.nc
73,198611_109.nc
73,198612_109.nc
74,198701_109.nc
74,198702_109.nc
74,198703_109.nc
74,198704_109.nc
74,198705_109.nc
74,198706_109.nc
74,198707_109.nc
74,198708_109.nc
74,198709_109.nc
74,198710_109.nc
74,198711_109.nc
74,198712_109.nc
75,198801_109.nc
75,198802_109.nc
75,198803_109.nc
75,198804_109.nc
75,198805_109.nc
75,198806_109.nc
75,198807_109.nc
75,198808_109.nc
75,198809_109.nc
75,198810_109.nc
75,198811_109.nc
75,198812_109.nc
76,198901_109.nc
76,198902_109.nc
76,198903_109.nc
76,198904_109.nc
76,198905_109.nc
76,198906_109.nc
76,198907_109.nc
76,198908_109.nc
76,198909_109.nc
76,198910_109.nc
76,198911_109.nc
76,198912_109.nc
77,199001_109.nc
77,199002_109.nc
77,199003_109.nc
77,199004_109.nc
77,199005_109.nc
77,199006_109.nc
77,199007_109.nc
77,199008_109.nc
77,199009_109.nc
77,199010_109.nc
77,199011_109.nc
77,199012_109.nc
78,199101_109.nc
78,199102_109.nc
78,199103_109.nc
78,199104_109.nc
78,199105_109.nc
78,199106_109.nc
78,199107_109.nc
78,199108_109.nc
78,199109_109.nc
78,199110_109.nc
78,199111_109.nc
78,199112_109.nc
79,199201_109.nc
79,199202_109.nc
79,199203_109.nc
79,199204_109.nc
79,199205_109.nc
79,199206_109.nc
79,199207_109.nc
79,199208_109.nc
79,199209_109.nc
79,199210_109.nc
79,199211_109.nc
79,199212_109.nc
80,199301_109.nc
80,199302_109.nc
80,199303_109.nc
80,199304_109.nc
80,199305_109.nc
80,199306_109.nc
80,199307_109.nc
80,199308_109.nc
80,199309_109.nc
80,199310_109.nc
80,199311_109.nc
80,199312_109.nc
81,199401_109.nc
81,199402_109.nc
81,199403_109.nc
81,199404_109.nc
81,199405_109.nc
81,199406_109.nc
81,199407_109.nc
81,199408_109.nc
81,199409_109.nc
81,199410_109.nc
81,199411_109.nc
81,199412_109.nc
93,198301_140.nc
93,198302_140.nc
93,198303_140.nc
93,198304_140.nc
93,198305_140.nc
93,198306_140.nc
93,198307_140.nc
93,198308_140.nc
93,198309_140.nc
93,198310_140.nc
93,198311_140.nc
93,198312_140.nc
94,198401_140.nc
94,198402_140.nc
94,198403_140.nc
94,198404_140.nc
94,198405_140.nc
94,198406_140.nc
94,198407_140.nc
94,198408_140.nc
94,198409_140.nc
94,198410_140.nc
94,198411_140.nc
94,198412_140.nc
95,198501_140.nc
95,198502_140.nc
95,198503_140.nc
95,198504_140.nc
95,198505_140.nc
95,198506_140.nc
95,198507_140.nc
95,198508_140.nc
95,198509_140.nc
95,198510_140.nc
95,198511_140.nc
95,198512_140.nc
96,198601_140.nc
96,198602_140.nc
96,198603_140.nc
96,198604_140.nc
96,198605_140.nc
96,198606_140.nc
96,198607_140.nc
96,198608_140.nc
96,198609_140.nc
96,198610_140.nc
96,198611_140.nc
96,198612_140.nc
97,198701_140.nc
97,198702_140.nc
97,198703_140.nc
97,198704_140.nc
97,198705_140.nc
97,198706_140.nc
97,198707_140.nc
97,198708_140.nc
97,198709_140.nc
97,198710_140.nc
97,198711_140.nc
97,198712_140.nc
98,198801_140.nc
98,198802_140.nc
98,198803_140.nc
98,198804_140.nc
98,198805_140.nc
98,198806_140.nc
98,198807_140.nc
98,198808_140.nc
98,198809_140.nc
98,198810_140.nc
98,198811_140.nc
98,198812_140.nc
99,198901_140.nc
99,198902_140.nc
99,198903_140.nc
99,198904_140.nc
99,198905_140.nc
99,198906_140.nc
99,198907_140.nc
99,198908_140.nc
99,198909_140.nc
99,198910_140.nc
99,198911_140.nc
99,198912_140.nc
100,199001_140.nc
100,199002_140.nc
100,199003_140.nc
100,199004_140.nc
100,199005_140.nc
100,199006_140.nc
100,199007_140.nc
100,199008_140.nc
100,199009_140.nc
100,199010_140.nc
100,199011_140.nc
100,199012_140.nc
101,199101_140.nc
101,199102_140.nc
101,199103_140.nc
101,199104_140.nc
101,199105_140.nc
101,199106_140.nc
101,199107_140.nc
101,199108_140.nc
101,199109_140.nc
101,199110_140.nc
101,199111_140.nc
101,199112_140.nc
102,199201_140.nc
102,199202_140.nc
102,199203_140.nc
102,199204_140.nc
102,199205_140.nc
102,199206_140.nc
102,199207_140.nc
102,199208_140.nc
102,199209_140.nc
102,199210_140.nc
102,199211_140.nc
102,199212_140.nc
103,199301_140.nc
103,199302_140.nc
103,199303_140.nc
103,199304_140.nc
103,199305_140.nc
103,199306_140.nc
103,199307_140.nc
103,199308_140.nc
103,199309_140.nc
103,199310_140.nc
103,199311_140.nc
103,199312_140.nc
116,198301_154.nc
116,198302_154.nc
116,198303_154.nc
116,198304_154.nc
116,198305_154.nc
116,198306_154.nc
116,198307_154.nc
116,198308_154.nc
116,198309_154.nc
116,198310_154.nc
116,198311_154.nc
116,198312_154.nc
117,198401_154.nc
117,198402_154.nc
117,198403_154.nc
117,198404_154.nc
117,198405_154.nc
117,198406_154.nc
117,198407_154.nc
117,198408_154.nc
117,198409_154.nc
117,198410_154.nc
117,198411_154.nc
117,198412_154.nc
118,198501_154.nc
118,198502_154.nc
118,198503_154.nc
118,198504_154.nc
118,198505_154.nc
118,198506_154.nc
118,198507_154.nc
118,198508_154.nc
118,198509_154.nc
118,198510_154.nc
118,198511_154.nc
118,198512_154.nc
119,198601_154.nc
119,198602_154.nc
119,198603_154.nc
119,198604_154.nc
119,198605_154.nc
119,198606_154.nc
119,198607_154.nc
119,198608_154.nc
119,198609_154.nc
119,198610_154.nc
119,198611_154.nc
119,198612_154.nc
120,198701_154.nc
120,198702_154.nc
120,198703_154.nc
120,198704_154.nc
120,198705_154.nc
120,198706_154.nc
120,198707_154.nc
120,198708_154.nc
120,198709_154.nc
120,198710_154.nc
120,198711_154.nc
120,198712_154.nc
121,198801_154.nc
121,198802_154.nc
121,198803_154.nc
121,198804_154.nc
121,198805_154.nc
121,198806_154.nc
121,198807_154.nc
121,198808_154.nc
121,198809_154.nc
121,198810_154.nc
121,198811_154.nc
121,198812_154.nc
122,198901_154.nc
122,198902_154.nc
122,198903_154.nc
122,198904_154.nc
122,198905_154.nc
122,198906_154.nc
122,198907_154.nc
122,198908_154.nc
122,198909_154.nc
122,198910_154.nc
122,198911_154.nc
122,198912_154.nc
123,199001_154.nc
123,199002_154.nc
123,199003_154.nc
123,199004_154.nc
123,199005_154.nc
123,199006_154.nc
123,199007_154.nc
123,199008_154.nc
123,199009_154.nc
123,199010_154.nc
123,199011_154.nc
123,199012_154.nc
139,198301_168.nc
139,198302_168.nc
139,198303_168.nc
139,198304_168.nc
139,198305_168.nc
139,198306_168.nc
139,198307_168.nc
139,198308_168.nc
139,198309_168.nc
139,198310_168.nc
139,198311_168.nc
139,198312_168.nc
146,199001_168.nc
146,199002_168.nc
146,199003_168.nc
146,199004_168.nc
146,199005_168.nc
146,199006_168.nc
146,199007_168.nc
146,199008_168.nc
146,199009_168.nc
146,199010_168.nc
146,199011_168.nc
146,199012_168.nc
147,199101_168.nc
147,199102_168.nc
147,199103_168.nc
147,199104_168.nc
147,199105_168.nc
147,199106_168.nc
147,199107_168.nc
147,199108_168.nc
147,199109_168.nc
147,199110_168.nc
147,199111_168.nc
147,199112_168.nc
148,199201_168.nc
148,199202_168.nc
148,199203_168.nc
148,199204_168.nc
148,199205_168.nc
148,199206_168.nc
148,199207_168.nc
148,199208_168.nc
148,199209_168.nc
148,199210_168.nc
148,199211_168.nc
148,199212_168.nc
149,199301_168.nc
149,199302_168.nc
149,199303_168.nc
149,199304_168.nc
149,199305_168.nc
149,199306_168.nc
149,199307_168.nc
149,199308_168.nc
149,199309_168.nc
149,199310_168.nc
149,199311_168.nc
149,199312_168.nc
162,198301_174.nc
162,198302_174.nc
162,198303_174.nc
162,198304_174.nc
162,198305_174.nc
162,198306_174.nc
162,198307_174.nc
162,198308_174.nc
162,198309_174.nc
162,198310_174.nc
162,198311_174.nc
162,198312_174.nc
163,198401_174.nc
163,198402_174.nc
163,198403_174.nc
163,198404_174.nc
163,198405_174.nc
163,198406_174.nc
163,198407_174.nc
163,198408_174.nc
163,198409_174.nc
163,198410_174.nc
163,198411_174.nc
163,198412_174.nc
164,198501_174.nc
164,198502_174.nc
164,198503_174.nc
164,198504_174.nc
164,198505_174.nc
164,198506_174.nc
164,198507_174.nc
164,198508_174.nc
164,198509_174.nc
164,198510_174.nc
164,198511_174.nc
164,198512_174.nc
165,198601_174.nc
165,198602_174.nc
165,198603_174.nc
165,198604_174.nc
165,198605_174.nc
165,198606_174.nc
165,198607_174.nc
165,198608_174.nc
165,198609_174.nc
165,198610_174.nc
165,198611_174.nc
165,198612_174.nc
166,198701_174.nc
166,198702_174.nc
166,198703_174.nc
166,198704_174.nc
166,198705_174.nc
166,198706_174.nc
166,198707_174.nc
166,198708_174.nc
166,198709_174.nc
166,198710_174.nc
166,198711_174.nc
166,198712_174.nc
167,198801_174.nc
167,198802_174.nc
167,198803_174.nc
167,198804_174.nc
167,198805_174.nc
167,198806_174.nc
167,198807_174.nc
167,198808_174.nc
167,198809_174.nc
167,198810_174.nc
167,198811_174.nc
167,198812_174.nc
168,198901_174.nc
168,198902_174.nc
168,198903_174.nc
168,198904_174.nc
168,198905_174.nc
168,198906_174.nc
168,198907_174.nc
168,198908_174.nc
168,198909_174.nc
168,198910_174.nc
168,198911_174.nc
168,198912_174.nc
169,199001_174.nc
169,199002_174.nc
169,199003_174.nc
169,199004_174.nc
169,199005_174.nc
169,199006_174.nc
169,199007_174.nc
169,199008_174.nc
169,199009_174.nc
169,199010_174.nc
169,199011_174.nc
169,199012_174.nc
170,199101_174.nc
170,199102_174.nc
170,199103_174.nc
170,199104_174.nc
170,199105_174.nc
170,199106_174.nc
170,199107_174.nc
170,199108_174.nc
170,199109_174.nc
170,199110_174.nc
170,199111_174.nc
170,199112_174.nc
171,199201_174.nc
171,199202_174.nc
171,199203_174.nc
171,199204_174.nc
171,199205_174.nc
171,199206_174.nc
171,199207_174.nc
171,199208_174.nc
171,199209_174.nc
171,199210_174.nc
171,199211_174.nc
171,199212_174.nc
172,199301_174.nc
172,199302_174.nc
172,199303_174.nc
172,199304_174.nc
172,199305_174.nc
172,199306_174.nc
172,199307_174.nc
172,199308_174.nc
172,199309_174.nc
172,199310_174.nc
172,199311_174.nc
172,199312_174.nc
185,198301_175.nc
185,198302_175.nc
185,198303_175.nc
185,198304_175.nc
185,198305_175.nc
185,198306_175.nc
185,198307_175.nc
185,198308_175.nc
185,198309_175.nc
185,198310_175.nc
185,198311_175.nc
185,198312_175.nc
186,198401_175.nc
186,198402_175.nc
186,198403_175.nc
186,198404_175.nc
186,198405_175.nc
186,198406_175.nc
186,198407_175.nc
186,198408_175.nc
186,198409_175.nc
186,198410_175.nc
186,198411_175.nc
186,198412_175.nc
187,198501_175.nc
187,198502_175.nc
187,198503_175.nc
187,198504_175.nc
187,198505_175.nc
187,198506_175.nc
187,198507_175.nc
187,198508_175.nc
187,198509_175.nc
187,198510_175.nc
187,198511_175.nc
187,198512_175.nc
188,198601_175.nc
188,198602_175.nc
188,198603_175.nc
188,198604_175.nc
188,198605_175.nc
188,198606_175.nc
188,198607_175.nc
188,198608_175.nc
188,198609_175.nc
188,198610_175.nc
188,198611_175.nc
188,198612_175.nc
189,198701_175.nc
189,198702_175.nc
189,198703_175.nc
189,198704_175.nc
189,198705_175.nc
189,198706_175.nc
189,198707_175.nc
189,198708_175.nc
189,198709_175.nc
189,198710_175.nc
189,198711_175.nc
189,198712_175.nc
190,198801_175.nc
190,198802_175.nc
190,198803_175.nc
190,198804_175.nc
190,198805_175.nc
190,198806_175.nc
190,198807_175.nc
190,198808_175.nc
190,198809_175.nc
190,198810_175.nc
190,198811_175.nc
190,198812_175.nc
191,198901_175.nc
191,198902_175.nc
191,198903_175.nc
191,198904_175.nc
191,198905_175.nc
191,198906_175.nc
191,198907_175.nc
191,198908_175.nc
191,198909_175.nc
191,198910_175.nc
191,198911_175.nc
191,198912_175.nc
192,199001_175.nc
192,199002_175.nc
192,199003_175.nc
192,199004_175.nc
192,199005_175.nc
192,199006_175.nc
192,199007_175.nc
192,199008_175.nc
192,199009_175.nc
192,199010_175.nc
192,199011_175.nc
192,199012_175.nc
193,199101_175.nc
193,199102_175.nc
193,199103_175.nc
193,199104_175.nc
193,199105_175.nc
193,199106_175.nc
193,199107_175.nc
193,199108_175.nc
193,199109_175.nc
193,199110_175.nc
193,199111_175.nc
193,199112_175.nc
194,199201_175.nc
194,199202_175.nc
194,199203_175.nc
194,199204_175.nc
194,199205_175.nc
194,199206_175.nc
194,199207_175.nc
194,199208_175.nc
194,199209_175.nc
194,199210_175.nc
194,199211_175.nc
194,199212_175.nc
195,199301_175.nc
195,199302_175.nc
195,199303_175.nc
195,199304_175.nc
195,199305_175.nc
195,199306_175.nc
195,199307_175.nc
195,199308_175.nc
195,199309_175.nc
195,199310_175.nc
195,199311_175.nc
195,199312_175.nc
197,199501_175.nc
197,199502_175.nc
197,199503_175.nc
197,199504_175.nc
197,199505_175.nc
197,199506_175.nc
197,199507_175.nc
197,199508_175.nc
197,199509_175.nc
197,199510_175.nc
197,199511_175.nc
197,199512_175.nc
198,199601_175.nc
198,199602_175.nc
198,199603_175.nc
198,199604_175.nc
198,199605_175.nc
198,199606_175.nc
198,199607_175.nc
198,199608_175.nc
198,199609_175.nc
198,199610_175.nc
198,199611_175.nc
198,199612_175.nc
199,199701_175.nc
199,199702_175.nc
199,199703_175.nc
199,199704_175.nc
199,199705_175.nc
199,199706_175.nc
199,199707_175.nc
199,199708_175.nc
199,199709_175.nc
199,199710_175.nc
199,199711_175.nc
199,199712_175.nc
200,199801_175.nc
200,199802_175.nc
200,199803_175.nc
200,199804_175.nc
200,199805_175.nc
200,199806_175.nc
200,199807_175.nc
200,199808_175.nc
200,199809_175.nc
200,199810_175.nc
200,199811_175.nc
200,199812_175.nc
202,200001_175.nc
202,200002_175.nc
202,200003_175.nc
202,200004_175.nc
202,200005_175.nc
202,200006_175.nc
202,200007_175.nc
202,200008_175.nc
202,200009_175.nc
202,200010_175.nc
202,200011_175.nc
202,200012_175.nc
205,200301_175.nc
205,200302_175.nc
205,200303_175.nc
205,200304_175.nc
205,200305_175.nc
205,200306_175.nc
205,200307_175.nc
205,200308_175.nc
205,200309_175.nc
205,200310_175.nc
205,200311_175.nc
205,200312_175.nc
208,198301_176.nc
208,198302_176.nc
208,198303_176.nc
208,198304_176.nc
208,198305_176.nc
208,198306_176.nc
208,198307_176.nc
208,198308_176.nc
208,198309_176.nc
208,198310_176.nc
208,198311_176.nc
208,198312_176.nc
209,198401_176.nc
209,198402_176.nc
209,198403_176.nc
209,198404_176.nc
209,198405_176.nc
209,198406_176.nc
209,198407_176.nc
209,198408_176.nc
209,198409_176.nc
209,198410_176.nc
209,198411_176.nc
209,198412_176.nc
210,198501_176.nc
210,198502_176.nc
210,198503_176.nc
210,198504_176.nc
210,198505_176.nc
210,198506_176.nc
210,198507_176.nc
210,198508_176.nc
210,198509_176.nc
210,198510_176.nc
210,198511_176.nc
210,198512_176.nc
211,198601_176.nc
211,198602_176.nc
211,198603_176.nc
211,198604_176.nc
211,198605_176.nc
211,198606_176.nc
211,198607_176.nc
211,198608_176.nc
211,198609_176.nc
211,198610_176.nc
211,198611_176.nc
211,198612_176.nc
212,198701_176.nc
212,198702_176.nc
212,198703_176.nc
212,198704_176.nc
212,198705_176.nc
212,198706_176.nc
212,198707_176.nc
212,198708_176.nc
212,198709_176.nc
212,198710_176.nc
212,198711_176.nc
212,198712_176.nc
213,198801_176.nc
213,198802_176.nc
213,198803_176.nc
213,198804_176.nc
213,198805_176.nc
213,198806_176.nc
213,198807_176.nc
213,198808_176.nc
213,198809_176.nc
213,198810_176.nc
213,198811_176.nc
213,198812_176.nc
214,198901_176.nc
214,198902_176.nc
214,198903_176.nc
214,198904_176.nc
214,198905_176.nc
214,198906_176.nc
214,198907_176.nc
214,198908_176.nc
214,198909_176.nc
214,198910_176.nc
214,198911_176.nc
214,198912_176.nc
215,199001_176.nc
215,199002_176.nc
215,199003_176.nc
215,199004_176.nc
215,199005_176.nc
215,199006_176.nc
215,199007_176.nc
215,199008_176.nc
215,199009_176.nc
215,199010_176.nc
215,199011_176.nc
215,199012_176.nc
216,199101_176.nc
216,199102_176.nc
216,199103_176.nc
216,199104_176.nc
216,199105_176.nc
216,199106_176.nc
216,199107_176.nc
216,199108_176.nc
216,199109_176.nc
216,199110_176.nc
216,199111_176.nc
216,199112_176.nc
217,199201_176.nc
217,199202_176.nc
217,199203_176.nc
217,199204_176.nc
217,199205_176.nc
217,199206_176.nc
217,199207_176.nc
217,199208_176.nc
217,199209_176.nc
217,199210_176.nc
217,199211_176.nc
217,199212_176.nc
218,199301_176.nc
218,199302_176.nc
218,199303_176.nc
218,199304_176.nc
218,199305_176.nc
218,199306_176.nc
218,199307_176.nc
218,199308_176.nc
218,199309_176.nc
218,199310_176.nc
218,199311_176.nc
218,199312_176.nc
231,198301_180.nc
231,198302_180.nc
231,198303_180.nc
231,198304_180.nc
231,198305_180.nc
231,198306_180.nc
231,198307_180.nc
231,198308_180.nc
231,198309_180.nc
231,198310_180.nc
231,198311_180.nc
231,198312_180.nc
232,198401_180.nc
232,198402_180.nc
232,198403_180.nc
232,198404_180.nc
232,198405_180.nc
232,198406_180.nc
232,198407_180.nc
232,198408_180.nc
232,198409_180.nc
232,198410_180.nc
232,198411_180.nc
232,198412_180.nc
233,198501_180.nc
233,198502_180.nc
233,198503_180.nc
233,198504_180.nc
233,198505_180.nc
233,198506_180.nc
233,198507_180.nc
233,198508_180.nc
233,198509_180.nc
233,198510_180.nc
233,198511_180.nc
233,198512_180.nc
234,198601_180.nc
234,198602_180.nc
234,198603_180.nc
234,198604_180.nc
234,198605_180.nc
234,198606_180.nc
234,198607_180.nc
234,198608_180.nc
234,198609_180.nc
234,198610_180.nc
234,198611_180.nc
234,198612_180.nc
235,198701_180.nc
235,198702_180.nc
235,198703_180.nc
235,198704_180.nc
235,198705_180.nc
235,198706_180.nc
235,198707_180.nc
235,198708_180.nc
235,198709_180.nc
235,198710_180.nc
235,198711_180.nc
235,198712_180.nc
236,198801_180.nc
236,198802_180.nc
236,198803_180.nc
236,198804_180.nc
236,198805_180.nc
236,198806_180.nc
236,198807_180.nc
236,198808_180.nc
236,198809_180.nc
236,198810_180.nc
236,198811_180.nc
236,198812_180.nc
237,198901_180.nc
237,198902_180.nc
237,198903_180.nc
237,198904_180.nc
237,198905_180.nc
237,198906_180.nc
237,198907_180.nc
237,198908_180.nc
237,198909_180.nc
237,198910_180.nc
237,198911_180.nc
237,198912_180.nc
238,199001_180.nc
238,199002_180.nc
238,199003_180.nc
238,199004_180.nc
238,199005_180.nc
238,199006_180.nc
238,199007_180.nc
238,199008_180.nc
238,199009_180.nc
238,199010_180.nc
238,199011_180.nc
238,199012_180.nc
239,199101_180.nc
239,199102_180.nc
239,199103_180.nc
239,199104_180.nc
239,199105_180.nc
239,199106_180.nc
239,199107_180.nc
239,199108_180.nc
239,199109_180.nc
239,199110_180.nc
239,199111_180.nc
239,199112_180.nc
240,199201_180.nc
240,199202_180.nc
240,199203_180.nc
240,199204_180.nc
240,199205_180.nc
240,199206_180.nc
240,199207_180.nc
240,199208_180.nc
240,199209_180.nc
240,199210_180.nc
240,199211_180.nc
240,199212_180.nc
241,199301_180.nc
241,199302_180.nc
241,199303_180.nc
241,199304_180.nc
241,199305_180.nc
241,199306_180.nc
241,199307_180.nc
241,199308_180.nc
241,199309_180.nc
241,199310_180.nc
241,199311_180.nc
241,199312_180.nc
254,198301_230.nc
254,198302_230.nc
254,198303_230.nc
254,198304_230.nc
254,198305_230.nc
254,198306_230.nc
254,198307_230.nc
254,198308_230.nc
254,198309_230.nc
254,198310_230.nc
254,198311_230.nc
254,198312_230.nc
255,198401_230.nc
255,198402_230.nc
255,198403_230.nc
255,198404_230.nc
255,198405_230.nc
255,198406_230.nc
255,198407_230.nc
255,198408_230.nc
255,198409_230.nc
255,198410_230.nc
255,198411_230.nc
255,198412_230.nc
256,198501_230.nc
256,198502_230.nc
256,198503_230.nc
256,198504_230.nc
256,198505_230.nc
256,198506_230.nc
256,198507_230.nc
256,198508_230.nc
256,198509_230.nc
256,198510_230.nc
256,198511_230.nc
256,198512_230.nc
257,198601_230.nc
257,198602_230.nc
257,198603_230.nc
257,198604_230.nc
257,198605_230.nc
257,198606_230.nc
257,198607_230.nc
257,198608_230.nc
257,198609_230.nc
257,198610_230.nc
257,198611_230.nc
257,198612_230.nc
258,198701_230.nc
258,198702_230.nc
258,198703_230.nc
258,198704_230.nc
258,198705_230.nc
258,198706_230.nc
258,198707_230.nc
258,198708_230.nc
258,198709_230.nc
258,198710_230.nc
258,198711_230.nc
258,198712_230.nc
259,198801_230.nc
259,198802_230.nc
259,198803_230.nc
259,198804_230.nc
259,198805_230.nc
259,198806_230.nc
259,198807_230.nc
259,198808_230.nc
259,198809_230.nc
259,198810_230.nc
259,198811_230.nc
259,198812_230.nc
260,198901_230.nc
260,198902_230.nc
260,198903_230.nc
260,198904_230.nc
260,198905_230.nc
260,198906_230.nc
260,198907_230.nc
260,198908_230.nc
260,198909_230.nc
260,198910_230.nc
260,198911_230.nc
260,198912_230.nc
261,199001_230.nc
261,199002_230.nc
261,199003_230.nc
261,199004_230.nc
261,199005_230.nc
261,199006_230.nc
261,199007_230.nc
261,199008_230.nc
261,199009_230.nc
261,199010_230.nc
261,199011_230.nc
261,199012_230.nc
262,199101_230.nc
262,199102_230.nc
262,199103_230.nc
262,199104_230.nc
262,199105_230.nc
262,199106_230.nc
262,199107_230.nc
262,199108_230.nc
262,199109_230.nc
262,199110_230.nc
262,199111_230.nc
262,199112_230.nc
263,199201_230.nc
263,199202_230.nc
263,199203_230.nc
263,199204_230.nc
263,199205_230.nc
263,199206_230.nc
263,199207_230.nc
263,199208_230.nc
263,199209_230.nc
263,199210_230.nc
263,199211_230.nc
263,199212_230.nc
264,199301_230.nc
264,199302_230.nc
264,199303_230.nc
264,199304_230.nc
264,199305_230.nc
264,199306_230.nc
264,199307_230.nc
264,199308_230.nc
264,199309_230.nc
264,199310_230.nc
264,199311_230.nc
264,199312_230.nc
265,199401_230.nc
265,199402_230.nc
265,199403_230.nc
265,199404_230.nc
265,199405_230.nc
265,199406_230.nc
265,199407_230.nc
265,199408_230.nc
265,199409_230.nc
265,199410_230.nc
265,199411_230.nc
265,199412_230.nc
266,199501_230.nc
266,199502_230.nc
266,199503_230.nc
266,199504_230.nc
266,199505_230.nc
266,199506_230.nc
266,199507_230.nc
266,199508_230.nc
266,199509_230.nc
266,199510_230.nc
266,199511_230.nc
266,199512_230.nc
267,199601_230.nc
267,199602_230.nc
267,199603_230.nc
267,199604_230.nc
267,199605_230.nc
267,199606_230.nc
267,199607_230.nc
267,199608_230.nc
267,199609_230.nc
267,199610_230.nc
267,199611_230.nc
267,199612_230.nc
268,199701_230.nc
268,199702_230.nc
268,199703_230.nc
268,199704_230.nc
268,199705_230.nc
268,199706_230.nc
268,199707_230.nc
268,199708_230.nc
268,199709_230.nc
268,199710_230.nc
268,199711_230.nc
268,199712_230.nc
269,199801_230.nc
269,199802_230.nc
269,199803_230.nc
269,199804_230.nc
269,199805_230.nc
269,199806_230.nc
269,199807_230.nc
269,199808_230.nc
269,199809_230.nc
269,199810_230.nc
269,199811_230.nc
269,199812_230.nc
270,199901_230.nc
270,199902_230.nc
270,199903_230.nc
270,199904_230.nc
270,199905_230.nc
270,199906_230.nc
270,199907_230.nc
270,199908_230.nc
270,199909_230.nc
270,199910_230.nc
270,199911_230.nc
270,199912_230.nc
271,200001_230.nc
271,200002_230.nc
271,200003_230.nc
271,200004_230.nc
271,200005_230.nc
271,200006_230.nc
271,200007_230.nc
271,200008_230.nc
271,200009_230.nc
271,200010_230.nc
271,200011_230.nc
271,200012_230.nc
272,200101_230.nc
272,200102_230.nc
272,200103_230.nc
272,200104_230.nc
272,200105_230.nc
272,200106_230.nc
272,200107_230.nc
272,200108_230.nc
272,200109_230.nc
272,200110_230.nc
272,200111_230.nc
272,200112_230.nc
273,200201_230.nc
273,200202_230.nc
273,200203_230.nc
273,200204_230.nc
273,200205_230.nc
273,200206_230.nc
273,200207_230.nc
273,200208_230.nc
273,200209_230.nc
273,200210_230.nc
273,200211_230.nc
273,200212_230.nc
274,200301_230.nc
274,200302_230.nc
274,200303_230.nc
274,200304_230.nc
274,200305_230.nc
274,200306_230.nc
274,200307_230.nc
274,200308_230.nc
274,200309_230.nc
274,200310_230.nc
274,200311_230.nc
274,200312_230.nc
282,198801_2004.nc
282,198802_2004.nc
282,198803_2004.nc
282,198804_2004.nc
282,198805_2004.nc
282,198806_2004.nc
282,198807_2004.nc
282,198808_2004.nc
282,198809_2004.nc
282,198810_2004.nc
282,198811_2004.nc
282,198812_2004.nc
283,198901_2004.nc
283,198902_2004.nc
283,198903_2004.nc
283,198904_2004.nc
283,198905_2004.nc
283,198906_2004.nc
283,198907_2004.nc
283,198908_2004.nc
283,198909_2004.nc
283,198910_2004.nc
283,198911_2004.nc
283,198912_2004.nc
284,199001_2004.nc
284,199002_2004.nc
284,199003_2004.nc
284,199004_2004.nc
284,199005_2004.nc
284,199006_2004.nc
284,199007_2004.nc
284,199008_2004.nc
284,199009_2004.nc
284,199010_2004.nc
284,199011_2004.nc
284,199012_2004.nc
285,199101_2004.nc
285,199102_2004.nc
285,199103_2004.nc
285,199104_2004.nc
285,199105_2004.nc
285,199106_2004.nc
285,199107_2004.nc
285,199108_2004.nc
285,199109_2004.nc
285,199110_2004.nc
285,199111_2004.nc
285,199112_2004.nc
286,199201_2004.nc
286,199202_2004.nc
286,199203_2004.nc
286,199204_2004.nc
286,199205_2004.nc
286,199206_2004.nc
286,199207_2004.nc
286,199208_2004.nc
286,199209_2004.nc
286,199210_2004.nc
286,199211_2004.nc
286,199212_2004.nc
287,199301_2004.nc
287,199302_2004.nc
287,199303_2004.nc
287,199304_2004.nc
287,199305_2004.nc
287,199306_2004.nc
287,199307_2004.nc
287,199308_2004.nc
287,199309_2004.nc
287,199310_2004.nc
287,199311_2004.nc
287,199312_2004.nc
305,198801_221.nc
305,198802_221.nc
305,198803_221.nc
305,198804_221.nc
305,198805_221.nc
305,198806_221.nc
305,198807_221.nc
305,198808_221.nc
305,198809_221.nc
305,198810_221.nc
305,198811_221.nc
305,198812_221.nc
306,198901_221.nc
306,198902_221.nc
306,198903_221.nc
306,198904_221.nc
306,198905_221.nc
306,198906_221.nc
306,198907_221.nc
306,198908_221.nc
306,198909_221.nc
306,198910_221.nc
306,198911_221.nc
306,198912_221.nc
307,199001_221.nc
307,199002_221.nc
307,199003_221.nc
307,199004_221.nc
307,199005_221.nc
307,199006_221.nc
307,199007_221.nc
307,199008_221.nc
307,199009_221.nc
307,199010_221.nc
307,199011_221.nc
307,199012_221.nc
308,199101_221.nc
308,199102_221.nc
308,199103_221.nc
308,199104_221.nc
308,199105_221.nc
308,199106_221.nc
308,199107_221.nc
308,199108_221.nc
308,199109_221.nc
308,199110_221.nc
308,199111_221.nc
308,199112_221.nc
309,199201_221.nc
309,199202_221.nc
309,199203_221.nc
309,199204_221.nc
309,199205_221.nc
309,199206_221.nc
309,199207_221.nc
309,199208_221.nc
309,199209_221.nc
309,199210_221.nc
309,199211_221.nc
309,199212_221.nc
310,199301_221.nc
310,199302_221.nc
310,199303_221.nc
310,199304_221.nc
310,199305_221.nc
310,199306_221.nc
310,199307_221.nc
310,199308_221.nc
310,199309_221.nc
310,199310_221.nc
310,199311_221.nc
310,199312_221.nc
323,198301_117.nc
323,198302_117.nc
323,198303_117.nc
323,198304_117.nc
323,198305_117.nc
323,198306_117.nc
323,198307_117.nc
323,198308_117.nc
323,198309_117.nc
323,198310_117.nc
323,198311_117.nc
323,198312_117.nc
346,198301_121.nc
346,198302_121.nc
346,198303_121.nc
346,198304_121.nc
346,198305_121.nc
346,198306_121.nc
346,198307_121.nc
346,198308_121.nc
346,198309_121.nc
346,198310_121.nc
346,198311_121.nc
346,198312_121.nc
347,198401_121.nc
347,198402_121.nc
347,198403_121.nc
347,198404_121.nc
347,198405_121.nc
347,198406_121.nc
347,198407_121.nc
347,198408_121.nc
347,198409_121.nc
347,198410_121.nc
347,198411_121.nc
347,198412_121.nc
348,198501_121.nc
348,198502_121.nc
348,198503_121.nc
348,198504_121.nc
348,198505_121.nc
348,198506_121.nc
348,198507_121.nc
348,198508_121.nc
348,198509_121.nc
348,198510_121.nc
348,198511_121.nc
348,198512_121.nc
349,198601_121.nc
349,198602_121.nc
349,198603_121.nc
349,198604_121.nc
349,198605_121.nc
349,198606_121.nc
349,198607_121.nc
349,198608_121.nc
349,198609_121.nc
349,198610_121.nc
349,198611_121.nc
349,198612_121.nc
350,198701_121.nc
350,198702_121.nc
350,198703_121.nc
350,198704_121.nc
350,198705_121.nc
350,198706_121.nc
350,198707_121.nc
350,198708_121.nc
350,198709_121.nc
350,198710_121.nc
350,198711_121.nc
350,198712_121.nc
351,198801_121.nc
351,198802_121.nc
351,198803_121.nc
351,198804_121.nc
351,198805_121.nc
351,198806_121.nc
351,198807_121.nc
351,198808_121.nc
351,198809_121.nc
351,198810_121.nc
351,198811_121.nc
351,198812_121.nc
354,199101_121.nc
354,199102_121.nc
354,199103_121.nc
354,199104_121.nc
354,199105_121.nc
354,199106_121.nc
354,199107_121.nc
354,199108_121.nc
354,199109_121.nc
354,199110_121.nc
354,199111_121.nc
354,199112_121.nc
357,199401_121.nc
357,199402_121.nc
357,199403_121.nc
357,199404_121.nc
357,199405_121.nc
357,199406_121.nc
357,199407_121.nc
357,199408_121.nc
357,199409_121.nc
357,199410_121.nc
357,199411_121.nc
357,199412_121.nc
358,199501_121.nc
358,199502_121.nc
358,199503_121.nc
358,199504_121.nc
358,199505_121.nc
358,199506_121.nc
358,199507_121.nc
358,199508_121.nc
358,199509_121.nc
358,199510_121.nc
358,199511_121.nc
358,199512_121.nc
359,199601_121.nc
359,199602_121.nc
359,199603_121.nc
359,199604_121.nc
359,199605_121.nc
359,199606_121.nc
359,199607_121.nc
359,199608_121.nc
359,199609_121.nc
359,199610_121.nc
359,199611_121.nc
359,199612_121.nc
360,199701_121.nc
360,199702_121.nc
360,199703_121.nc
360,199704_121.nc
360,199705_121.nc
360,199706_121.nc
360,199707_121.nc
360,199708_121.nc
360,199709_121.nc
360,199710_121.nc
360,199711_121.nc
360,199712_121.nc
361,199801_121.nc
361,199802_121.nc
361,199803_121.nc
361,199804_121.nc
361,199805_121.nc
361,199806_121.nc
361,199807_121.nc
361,199808_121.nc
361,199809_121.nc
361,199810_121.nc
361,199811_121.nc
361,199812_121.nc
369,198301_144.nc
369,198302_144.nc
369,198303_144.nc
369,198304_144.nc
369,198305_144.nc
369,198306_144.nc
369,198307_144.nc
369,198308_144.nc
369,198309_144.nc
369,198310_144.nc
369,198311_144.nc
369,198312_144.nc
370,198401_144.nc
370,198402_144.nc
370,198403_144.nc
370,198404_144.nc
370,198405_144.nc
370,198406_144.nc
370,198407_144.nc
370,198408_144.nc
370,198409_144.nc
370,198410_144.nc
370,198411_144.nc
370,198412_144.nc
373,198701_144.nc
373,198702_144.nc
373,198703_144.nc
373,198704_144.nc
373,198705_144.nc
373,198706_144.nc
373,198707_144.nc
373,198708_144.nc
373,198709_144.nc
373,198710_144.nc
373,198711_144.nc
373,198712_144.nc
384,199801_144.nc
384,199802_144.nc
384,199803_144.nc
384,199804_144.nc
384,199805_144.nc
384,199806_144.nc
384,199807_144.nc
384,199808_144.nc
384,199809_144.nc
384,199810_144.nc
384,199811_144.nc
384,199812_144.nc
390,200401_144.nc
390,200402_144.nc
390,200403_144.nc
390,200404_144.nc
390,200405_144.nc
390,200406_144.nc
390,200407_144.nc
390,200408_144.nc
390,200409_144.nc
390,200410_144.nc
390,200411_144.nc
390,200412_144.nc
392,198301_156.nc
392,198302_156.nc
392,198303_156.nc
392,198304_156.nc
392,198305_156.nc
392,198306_156.nc
392,198307_156.nc
392,198308_156.nc
392,198309_156.nc
392,198310_156.nc
392,198311_156.nc
392,198312_156.nc
393,198401_156.nc
393,198402_156.nc
393,198403_156.nc
393,198404_156.nc
393,198405_156.nc
393,198406_156.nc
393,198407_156.nc
393,198408_156.nc
393,198409_156.nc
393,198410_156.nc
393,198411_156.nc
393,198412_156.nc
394,198501_156.nc
394,198502_156.nc
394,198503_156.nc
394,198504_156.nc
394,198505_156.nc
394,198506_156.nc
394,198507_156.nc
394,198508_156.nc
394,198509_156.nc
394,198510_156.nc
394,198511_156.nc
394,198512_156.nc
395,198601_156.nc
395,198602_156.nc
395,198603_156.nc
395,198604_156.nc
395,198605_156.nc
395,198606_156.nc
395,198607_156.nc
395,198608_156.nc
395,198609_156.nc
395,198610_156.nc
395,198611_156.nc
395,198612_156.nc
396,198701_156.nc
396,198702_156.nc
396,198703_156.nc
396,198704_156.nc
396,198705_156.nc
396,198706_156.nc
396,198707_156.nc
396,198708_156.nc
396,198709_156.nc
396,198710_156.nc
396,198711_156.nc
396,198712_156.nc
397,198801_156.nc
397,198802_156.nc
397,198803_156.nc
397,198804_156.nc
397,198805_156.nc
397,198806_156.nc
397,198807_156.nc
397,198808_156.nc
397,198809_156.nc
397,198810_156.nc
397,198811_156.nc
397,198812_156.nc
398,198901_156.nc
398,198902_156.nc
398,198903_156.nc
398,198904_156.nc
398,198905_156.nc
398,198906_156.nc
398,198907_156.nc
398,198908_156.nc
398,198909_156.nc
398,198910_156.nc
398,198911_156.nc
398,198912_156.nc
399,199001_156.nc
399,199002_156.nc
399,199003_156.nc
399,199004_156.nc
399,199005_156.nc
399,199006_156.nc
399,199007_156.nc
399,199008_156.nc
399,199009_156.nc
399,199010_156.nc
399,199011_156.nc
399,199012_156.nc
400,199101_156.nc
400,199102_156.nc
400,199103_156.nc
400,199104_156.nc
400,199105_156.nc
400,199106_156.nc
400,199107_156.nc
400,199108_156.nc
400,199109_156.nc
400,199110_156.nc
400,199111_156.nc
400,199112_156.nc
401,199201_156.nc
401,199202_156.nc
401,199203_156.nc
401,199204_156.nc
401,199205_156.nc
401,199206_156.nc
401,199207_156.nc
401,199208_156.nc
401,199209_156.nc
401,199210_156.nc
401,199211_156.nc
401,199212_156.nc
402,199301_156.nc
402,199302_156.nc
402,199303_156.nc
402,199304_156.nc
402,199305_156.nc
402,199306_156.nc
402,199307_156.nc
402,199308_156.nc
402,199309_156.nc
402,199310_156.nc
402,199311_156.nc
402,199312_156.nc
403,199401_156.nc
403,199402_156.nc
403,199403_156.nc
403,199404_156.nc
403,199405_156.nc
403,199406_156.nc
403,199407_156.nc
403,199408_156.nc
403,199409_156.nc
403,199410_156.nc
403,199411_156.nc
403,199412_156.nc
404,199501_156.nc
404,199502_156.nc
404,199503_156.nc
404,199504_156.nc
404,199505_156.nc
404,199506_156.nc
404,199507_156.nc
404,199508_156.nc
404,199509_156.nc
404,199510_156.nc
404,199511_156.nc
404,199512_156.nc
405,199601_156.nc
405,199602_156.nc
405,199603_156.nc
405,199604_156.nc
405,199605_156.nc
405,199606_156.nc
405,199607_156.nc
405,199608_156.nc
405,199609_156.nc
405,199610_156.nc
405,199611_156.nc
405,199612_156.nc
406,199701_156.nc
406,199702_156.nc
406,199703_156.nc
406,199704_156.nc
406,199705_156.nc
406,199706_156.nc
406,199707_156.nc
406,199708_156.nc
406,199709_156.nc
406,199710_156.nc
406,199711_156.nc
406,199712_156.nc
415,198301_157.nc
415,198302_157.nc
415,198303_157.nc
415,198304_157.nc
415,198305_157.nc
415,198306_157.nc
415,198307_157.nc
415,198308_157.nc
415,198309_157.nc
415,198310_157.nc
415,198311_157.nc
415,198312_157.nc
416,198401_157.nc
416,198402_157.nc
416,198403_157.nc
416,198404_157.nc
416,198405_157.nc
416,198406_157.nc
416,198407_157.nc
416,198408_157.nc
416,198409_157.nc
416,198410_157.nc
416,198411_157.nc
416,198412_157.nc
417,198501_157.nc
417,198502_157.nc
417,198503_157.nc
417,198504_157.nc
417,198505_157.nc
417,198506_157.nc
417,198507_157.nc
417,198508_157.nc
417,198509_157.nc
417,198510_157.nc
417,198511_157.nc
417,198512_157.nc
418,198601_157.nc
418,198602_157.nc
418,198603_157.nc
418,198604_157.nc
418,198605_157.nc
418,198606_157.nc
418,198607_157.nc
418,198608_157.nc
418,198609_157.nc
418,198610_157.nc
418,198611_157.nc
418,198612_157.nc
419,198701_157.nc
419,198702_157.nc
419,198703_157.nc
419,198704_157.nc
419,198705_157.nc
419,198706_157.nc
419,198707_157.nc
419,198708_157.nc
419,198709_157.nc
419,198710_157.nc
419,198711_157.nc
419,198712_157.nc
420,198801_157.nc
420,198802_157.nc
420,198803_157.nc
420,198804_157.nc
420,198805_157.nc
420,198806_157.nc
420,198807_157.nc
420,198808_157.nc
420,198809_157.nc
420,198810_157.nc
420,198811_157.nc
420,198812_157.nc
421,198901_157.nc
421,198902_157.nc
421,198903_157.nc
421,198904_157.nc
421,198905_157.nc
421,198906_157.nc
421,198907_157.nc
421,198908_157.nc
421,198909_157.nc
421,198910_157.nc
421,198911_157.nc
421,198912_157.nc
422,199001_157.nc
422,199002_157.nc
422,199003_157.nc
422,199004_157.nc
422,199005_157.nc
422,199006_157.nc
422,199007_157.nc
422,199008_157.nc
422,199009_157.nc
422,199010_157.nc
422,199011_157.nc
422,199012_157.nc
423,199101_157.nc
423,199102_157.nc
423,199103_157.nc
423,199104_157.nc
423,199105_157.nc
423,199106_157.nc
423,199107_157.nc
423,199108_157.nc
423,199109_157.nc
423,199110_157.nc
423,199111_157.nc
423,199112_157.nc
424,199201_157.nc
424,199202_157.nc
424,199203_157.nc
424,199204_157.nc
424,199205_157.nc
424,199206_157.nc
424,199207_157.nc
424,199208_157.nc
424,199209_157.nc
424,199210_157.nc
424,199211_157.nc
424,199212_157.nc
425,199301_157.nc
425,199302_157.nc
425,199303_157.nc
425,199304_157.nc
425,199305_157.nc
425,199306_157.nc
425,199307_157.nc
425,199308_157.nc
425,199309_157.nc
425,199310_157.nc
425,199311_157.nc
425,199312_157.nc
426,199401_157.nc
426,199402_157.nc
426,199403_157.nc
426,199404_157.nc
426,199405_157.nc
426,199406_157.nc
426,199407_157.nc
426,199408_157.nc
426,199409_157.nc
426,199410_157.nc
426,199411_157.nc
426,199412_157.nc
427,199501_157.nc
427,199502_157.nc
427,199503_157.nc
427,199504_157.nc
427,199505_157.nc
427,199506_157.nc
427,199507_157.nc
427,199508_157.nc
427,199509_157.nc
427,199510_157.nc
427,199511_157.nc
427,199512_157.nc
428,199601_157.nc
428,199602_157.nc
428,199603_157.nc
428,199604_157.nc
428,199605_157.nc
428,199606_157.nc
428,199607_157.nc
428,199608_157.nc
428,199609_157.nc
428,199610_157.nc
428,199611_157.nc
428,199612_157.nc
429,199701_157.nc
429,199702_157.nc
429,199703_157.nc
429,199704_157.nc
429,199705_157.nc
429,199706_157.nc
429,199707_157.nc
429,199708_157.nc
429,199709_157.nc
429,199710_157.nc
429,199711_157.nc
429,199712_157.nc
430,199801_157.nc
430,199802_157.nc
430,199803_157.nc
430,199804_157.nc
430,199805_157.nc
430,199806_157.nc
430,199807_157.nc
430,199808_157.nc
430,199809_157.nc
430,199810_157.nc
430,199811_157.nc
430,199812_157.nc
431,199901_157.nc
431,199902_157.nc
431,199903_157.nc
431,199904_157.nc
431,199905_157.nc
431,199906_157.nc
431,199907_157.nc
431,199908_157.nc
431,199909_157.nc
431,199910_157.nc
431,199911_157.nc
431,199912_157.nc
432,200001_157.nc
432,200002_157.nc
432,200003_157.nc
432,200004_157.nc
432,200005_157.nc
432,200006_157.nc
432,200007_157.nc
432,200008_157.nc
432,200009_157.nc
432,200010_157.nc
432,200011_157.nc
432,200012_157.nc
433,200101_157.nc
433,200102_157.nc
433,200103_157.nc
433,200104_157.nc
433,200105_157.nc
433,200106_157.nc
433,200107_157.nc
433,200108_157.nc
433,200109_157.nc
433,200110_157.nc
433,200111_157.nc
433,200112_157.nc
434,200201_157.nc
434,200202_157.nc
434,200203_157.nc
434,200204_157.nc
434,200205_157.nc
434,200206_157.nc
434,200207_157.nc
434,200208_157.nc
434,200209_157.nc
434,200210_157.nc
434,200211_157.nc
434,200212_157.nc
435,200301_157.nc
435,200302_157.nc
435,200303_157.nc
435,200304_157.nc
435,200305_157.nc
435,200306_157.nc
435,200307_157.nc
435,200308_157.nc
435,200309_157.nc
435,200310_157.nc
435,200311_157.nc
435,200312_157.nc
436,200401_157.nc
436,200402_157.nc
436,200403_157.nc
436,200404_157.nc
436,200405_157.nc
436,200406_157.nc
436,200407_157.nc
436,200408_157.nc
436,200409_157.nc
436,200410_157.nc
436,200411_157.nc
436,200412_157.nc
437,200501_157.nc
437,200502_157.nc
437,200503_157.nc
437,200504_157.nc
437,200505_157.nc
437,200506_157.nc
437,200507_157.nc
437,200508_157.nc
437,200509_157.nc
437,200510_157.nc
437,200511_157.nc
437,200512_157.nc
438,198301_158.nc
438,198302_158.nc
438,198303_158.nc
438,198304_158.nc
438,198305_158.nc
438,198306_158.nc
438,198307_158.nc
438,198308_158.nc
438,198309_158.nc
438,198310_158.nc
438,198311_158.nc
438,198312_158.nc
439,198401_158.nc
439,198402_158.nc
439,198403_158.nc
439,198404_158.nc
439,198405_158.nc
439,198406_158.nc
439,198407_158.nc
439,198408_158.nc
439,198409_158.nc
439,198410_158.nc
439,198411_158.nc
439,198412_158.nc
440,198501_158.nc
440,198502_158.nc
440,198503_158.nc
440,198504_158.nc
440,198505_158.nc
440,198506_158.nc
440,198507_158.nc
440,198508_158.nc
440,198509_158.nc
440,198510_158.nc
440,198511_158.nc
440,198512_158.nc
441,198601_158.nc
441,198602_158.nc
441,198603_158.nc
441,198604_158.nc
441,198605_158.nc
441,198606_158.nc
441,198607_158.nc
441,198608_158.nc
441,198609_158.nc
441,198610_158.nc
441,198611_158.nc
441,198612_158.nc
442,198701_158.nc
442,198702_158.nc
442,198703_158.nc
442,198704_158.nc
442,198705_158.nc
442,198706_158.nc
442,198707_158.nc
442,198708_158.nc
442,198709_158.nc
442,198710_158.nc
442,198711_158.nc
442,198712_158.nc
443,198801_158.nc
443,198802_158.nc
443,198803_158.nc
443,198804_158.nc
443,198805_158.nc
443,198806_158.nc
443,198807_158.nc
443,198808_158.nc
443,198809_158.nc
443,198810_158.nc
443,198811_158.nc
443,198812_158.nc
461,198301_177.nc
461,198302_177.nc
461,198303_177.nc
461,198304_177.nc
461,198305_177.nc
461,198306_177.nc
461,198307_177.nc
461,198308_177.nc
461,198309_177.nc
461,198310_177.nc
461,198311_177.nc
461,198312_177.nc
462,198401_177.nc
462,198402_177.nc
462,198403_177.nc
462,198404_177.nc
462,198405_177.nc
462,198406_177.nc
462,198407_177.nc
462,198408_177.nc
462,198409_177.nc
462,198410_177.nc
462,198411_177.nc
462,198412_177.nc
463,198501_177.nc
463,198502_177.nc
463,198503_177.nc
463,198504_177.nc
463,198505_177.nc
463,198506_177.nc
463,198507_177.nc
463,198508_177.nc
463,198509_177.nc
463,198510_177.nc
463,198511_177.nc
463,198512_177.nc
464,198601_177.nc
464,198602_177.nc
464,198603_177.nc
464,198604_177.nc
464,198605_177.nc
464,198606_177.nc
464,198607_177.nc
464,198608_177.nc
464,198609_177.nc
464,198610_177.nc
464,198611_177.nc
464,198612_177.nc
465,198701_177.nc
465,198702_177.nc
465,198703_177.nc
465,198704_177.nc
465,198705_177.nc
465,198706_177.nc
465,198707_177.nc
465,198708_177.nc
465,198709_177.nc
465,198710_177.nc
465,198711_177.nc
465,198712_177.nc
466,198801_177.nc
466,198802_177.nc
466,198803_177.nc
466,198804_177.nc
466,198805_177.nc
466,198806_177.nc
466,198807_177.nc
466,198808_177.nc
466,198809_177.nc
466,198810_177.nc
466,198811_177.nc
466,198812_177.nc
467,198901_177.nc
467,198902_177.nc
467,198903_177.nc
467,198904_177.nc
467,198905_177.nc
467,198906_177.nc
467,198907_177.nc
467,198908_177.nc
467,198909_177.nc
467,198910_177.nc
467,198911_177.nc
467,198912_177.nc
468,199001_177.nc
468,199002_177.nc
468,199003_177.nc
468,199004_177.nc
468,199005_177.nc
468,199006_177.nc
468,199007_177.nc
468,199008_177.nc
468,199009_177.nc
468,199010_177.nc
468,199011_177.nc
468,199012_177.nc
469,199101_177.nc
469,199102_177.nc
469,199103_177.nc
469,199104_177.nc
469,199105_177.nc
469,199106_177.nc
469,199107_177.nc
469,199108_177.nc
469,199109_177.nc
469,199110_177.nc
469,199111_177.nc
469,199112_177.nc
470,199201_177.nc
470,199202_177.nc
470,199203_177.nc
470,199204_177.nc
470,199205_177.nc
470,199206_177.nc
470,199207_177.nc
470,199208_177.nc
470,199209_177.nc
470,199210_177.nc
470,199211_177.nc
470,199212_177.nc
471,199301_177.nc
471,199302_177.nc
471,199303_177.nc
471,199304_177.nc
471,199305_177.nc
471,199306_177.nc
471,199307_177.nc
471,199308_177.nc
471,199309_177.nc
471,199310_177.nc
471,199311_177.nc
471,199312_177.nc
472,199401_177.nc
472,199402_177.nc
472,199403_177.nc
472,199404_177.nc
472,199405_177.nc
472,199406_177.nc
472,199407_177.nc
472,199408_177.nc
472,199409_177.nc
472,199410_177.nc
472,199411_177.nc
472,199412_177.nc
473,199501_177.nc
473,199502_177.nc
473,199503_177.nc
473,199504_177.nc
473,199505_177.nc
473,199506_177.nc
473,199507_177.nc
473,199508_177.nc
473,199509_177.nc
473,199510_177.nc
473,199511_177.nc
473,199512_177.nc
474,199601_177.nc
474,199602_177.nc
474,199603_177.nc
474,199604_177.nc
474,199605_177.nc
474,199606_177.nc
474,199607_177.nc
474,199608_177.nc
474,199609_177.nc
474,199610_177.nc
474,199611_177.nc
474,199612_177.nc
475,199701_177.nc
475,199702_177.nc
475,199703_177.nc
475,199704_177.nc
475,199705_177.nc
475,199706_177.nc
475,199707_177.nc
475,199708_177.nc
475,199709_177.nc
475,199710_177.nc
475,199711_177.nc
475,199712_177.nc
476,199801_177.nc
476,199802_177.nc
476,199803_177.nc
476,199804_177.nc
476,199805_177.nc
476,199806_177.nc
476,199807_177.nc
476,199808_177.nc
476,199809_177.nc
476,199810_177.nc
476,199811_177.nc
476,199812_177.nc
477,199901_177.nc
477,199902_177.nc
477,199903_177.nc
477,199904_177.nc
477,199905_177.nc
477,199906_177.nc
477,199907_177.nc
477,199908_177.nc
477,199909_177.nc
477,199910_177.nc
477,199911_177.nc
477,199912_177.nc
478,200001_177.nc
478,200002_177.nc
478,200003_177.nc
478,200004_177.nc
478,200005_177.nc
478,200006_177.nc
478,200007_177.nc
478,200008_177.nc
478,200009_177.nc
478,200010_177.nc
478,200011_177.nc
478,200012_177.nc
479,200101_177.nc
479,200102_177.nc
479,200103_177.nc
479,200104_177.nc
479,200105_177.nc
479,200106_177.nc
479,200107_177.nc
479,200108_177.nc
479,200109_177.nc
479,200110_177.nc
479,200111_177.nc
479,200112_177.nc
480,200201_177.nc
480,200202_177.nc
480,200203_177.nc
480,200204_177.nc
480,200205_177.nc
480,200206_177.nc
480,200207_177.nc
480,200208_177.nc
480,200209_177.nc
480,200210_177.nc
480,200211_177.nc
480,200212_177.nc
481,200301_177.nc
481,200302_177.nc
481,200303_177.nc
481,200304_177.nc
481,200305_177.nc
481,200306_177.nc
481,200307_177.nc
481,200308_177.nc
481,200309_177.nc
481,200310_177.nc
481,200311_177.nc
481,200312_177.nc
482,200401_177.nc
482,200402_177.nc
482,200403_177.nc
482,200404_177.nc
482,200405_177.nc
482,200406_177.nc
482,200407_177.nc
482,200408_177.nc
482,200409_177.nc
482,200410_177.nc
482,200411_177.nc
482,200412_177.nc
483,200501_177.nc
483,200502_177.nc
483,200503_177.nc
483,200504_177.nc
483,200505_177.nc
483,200506_177.nc
483,200507_177.nc
483,200508_177.nc
483,200509_177.nc
483,200510_177.nc
483,200511_177.nc
483,200512_177.nc
484,198301_189.nc
484,198302_189.nc
484,198303_189.nc
484,198304_189.nc
484,198305_189.nc
484,198306_189.nc
484,198307_189.nc
484,198308_189.nc
484,198309_189.nc
484,198310_189.nc
484,198311_189.nc
484,198312_189.nc
485,198401_189.nc
485,198402_189.nc
485,198403_189.nc
485,198404_189.nc
485,198405_189.nc
485,198406_189.nc
485,198407_189.nc
485,198408_189.nc
485,198409_189.nc
485,198410_189.nc
485,198411_189.nc
485,198412_189.nc
486,198501_189.nc
486,198502_189.nc
486,198503_189.nc
486,198504_189.nc
486,198505_189.nc
486,198506_189.nc
486,198507_189.nc
486,198508_189.nc
486,198509_189.nc
486,198510_189.nc
486,198511_189.nc
486,198512_189.nc
487,198601_189.nc
487,198602_189.nc
487,198603_189.nc
487,198604_189.nc
487,198605_189.nc
487,198606_189.nc
487,198607_189.nc
487,198608_189.nc
487,198609_189.nc
487,198610_189.nc
487,198611_189.nc
487,198612_189.nc
488,198701_189.nc
488,198702_189.nc
488,198703_189.nc
488,198704_189.nc
488,198705_189.nc
488,198706_189.nc
488,198707_189.nc
488,198708_189.nc
488,198709_189.nc
488,198710_189.nc
488,198711_189.nc
488,198712_189.nc
489,198801_189.nc
489,198802_189.nc
489,198803_189.nc
489,198804_189.nc
489,198805_189.nc
489,198806_189.nc
489,198807_189.nc
489,198808_189.nc
489,198809_189.nc
489,198810_189.nc
489,198811_189.nc
489,198812_189.nc
490,198901_189.nc
490,198902_189.nc
490,198903_189.nc
490,198904_189.nc
490,198905_189.nc
490,198906_189.nc
490,198907_189.nc
490,198908_189.nc
490,198909_189.nc
490,198910_189.nc
490,198911_189.nc
490,198912_189.nc
491,199001_189.nc
491,199002_189.nc
491,199003_189.nc
491,199004_189.nc
491,199005_189.nc
491,199006_189.nc
491,199007_189.nc
491,199008_189.nc
491,199009_189.nc
491,199010_189.nc
491,199011_189.nc
491,199012_189.nc
492,199101_189.nc
492,199102_189.nc
492,199103_189.nc
492,199104_189.nc
492,199105_189.nc
492,199106_189.nc
492,199107_189.nc
492,199108_189.nc
492,199109_189.nc
492,199110_189.nc
492,199111_189.nc
492,199112_189.nc
493,199201_189.nc
493,199202_189.nc
493,199203_189.nc
493,199204_189.nc
493,199205_189.nc
493,199206_189.nc
493,199207_189.nc
493,199208_189.nc
493,199209_189.nc
493,199210_189.nc
493,199211_189.nc
493,199212_189.nc
494,199301_189.nc
494,199302_189.nc
494,199303_189.nc
494,199304_189.nc
494,199305_189.nc
494,199306_189.nc
494,199307_189.nc
494,199308_189.nc
494,199309_189.nc
494,199310_189.nc
494,199311_189.nc
494,199312_189.nc
495,199401_189.nc
495,199402_189.nc
495,199403_189.nc
495,199404_189.nc
495,199405_189.nc
495,199406_189.nc
495,199407_189.nc
495,199408_189.nc
495,199409_189.nc
495,199410_189.nc
495,199411_189.nc
495,199412_189.nc
496,199501_189.nc
496,199502_189.nc
496,199503_189.nc
496,199504_189.nc
496,199505_189.nc
496,199506_189.nc
496,199507_189.nc
496,199508_189.nc
496,199509_189.nc
496,199510_189.nc
496,199511_189.nc
496,199512_189.nc
497,199601_189.nc
497,199602_189.nc
497,199603_189.nc
497,199604_189.nc
497,199605_189.nc
497,199606_189.nc
497,199607_189.nc
497,199608_189.nc
497,199609_189.nc
497,199610_189.nc
497,199611_189.nc
497,199612_189.nc
498,199701_189.nc
498,199702_189.nc
498,199703_189.nc
498,199704_189.nc
498,199705_189.nc
498,199706_189.nc
498,199707_189.nc
498,199708_189.nc
498,199709_189.nc
498,199710_189.nc
498,199711_189.nc
498,199712_189.nc
499,199801_189.nc
499,199802_189.nc
499,199803_189.nc
499,199804_189.nc
499,199805_189.nc
499,199806_189.nc
499,199807_189.nc
499,199808_189.nc
499,199809_189.nc
499,199810_189.nc
499,199811_189.nc
499,199812_189.nc
500,199901_189.nc
500,199902_189.nc
500,199903_189.nc
500,199904_189.nc
500,199905_189.nc
500,199906_189.nc
500,199907_189.nc
500,199908_189.nc
500,199909_189.nc
500,199910_189.nc
500,199911_189.nc
500,199912_189.nc
503,200201_189.nc
503,200202_189.nc
503,200203_189.nc
503,200204_189.nc
503,200205_189.nc
503,200206_189.nc
503,200207_189.nc
503,200208_189.nc
503,200209_189.nc
503,200210_189.nc
503,200211_189.nc
503,200212_189.nc
507,198301_228.nc
507,198302_228.nc
507,198303_228.nc
507,198304_228.nc
507,198305_228.nc
507,198306_228.nc
507,198307_228.nc
507,198308_228.nc
507,198309_228.nc
507,198310_228.nc
507,198311_228.nc
507,198312_228.nc
508,198401_228.nc
508,198402_228.nc
508,198403_228.nc
508,198404_228.nc
508,198405_228.nc
508,198406_228.nc
508,198407_228.nc
508,198408_228.nc
508,198409_228.nc
508,198410_228.nc
508,198411_228.nc
508,198412_228.nc
509,198501_228.nc
509,198502_228.nc
509,198503_228.nc
509,198504_228.nc
509,198505_228.nc
509,198506_228.nc
509,198507_228.nc
509,198508_228.nc
509,198509_228.nc
509,198510_228.nc
509,198511_228.nc
509,198512_228.nc
510,198601_228.nc
510,198602_228.nc
510,198603_228.nc
510,198604_228.nc
510,198605_228.nc
510,198606_228.nc
510,198607_228.nc
510,198608_228.nc
510,198609_228.nc
510,198610_228.nc
510,198611_228.nc
510,198612_228.nc
511,198701_228.nc
511,198702_228.nc
511,198703_228.nc
511,198704_228.nc
511,198705_228.nc
511,198706_228.nc
511,198707_228.nc
511,198708_228.nc
511,198709_228.nc
511,198710_228.nc
511,198711_228.nc
511,198712_228.nc
512,198801_228.nc
512,198802_228.nc
512,198803_228.nc
512,198804_228.nc
512,198805_228.nc
512,198806_228.nc
512,198807_228.nc
512,198808_228.nc
512,198809_228.nc
512,198810_228.nc
512,198811_228.nc
512,198812_228.nc
513,198901_228.nc
513,198902_228.nc
513,198903_228.nc
513,198904_228.nc
513,198905_228.nc
513,198906_228.nc
513,198907_228.nc
513,198908_228.nc
513,198909_228.nc
513,198910_228.nc
513,198911_228.nc
513,198912_228.nc
514,199001_228.nc
514,199002_228.nc
514,199003_228.nc
514,199004_228.nc
514,199005_228.nc
514,199006_228.nc
514,199007_228.nc
514,199008_228.nc
514,199009_228.nc
514,199010_228.nc
514,199011_228.nc
514,199012_228.nc
515,199101_228.nc
515,199102_228.nc
515,199103_228.nc
515,199104_228.nc
515,199105_228.nc
515,199106_228.nc
515,199107_228.nc
515,199108_228.nc
515,199109_228.nc
515,199110_228.nc
515,199111_228.nc
515,199112_228.nc
516,199201_228.nc
516,199202_228.nc
516,199203_228.nc
516,199204_228.nc
516,199205_228.nc
516,199206_228.nc
516,199207_228.nc
516,199208_228.nc
516,199209_228.nc
516,199210_228.nc
516,199211_228.nc
516,199212_228.nc
517,199301_228.nc
517,199302_228.nc
517,199303_228.nc
517,199304_228.nc
517,199305_228.nc
517,199306_228.nc
517,199307_228.nc
517,199308_228.nc
517,199309_228.nc
517,199310_228.nc
517,199311_228.nc
517,199312_228.nc
518,199401_228.nc
518,199402_228.nc
518,199403_228.nc
518,199404_228.nc
518,199405_228.nc
518,199406_228.nc
518,199407_228.nc
518,199408_228.nc
518,199409_228.nc
518,199410_228.nc
518,199411_228.nc
518,199412_228.nc
519,199501_228.nc
519,199502_228.nc
519,199503_228.nc
519,199504_228.nc
519,199505_228.nc
519,199506_228.nc
519,199507_228.nc
519,199508_228.nc
519,199509_228.nc
519,199510_228.nc
519,199511_228.nc
519,199512_228.nc
520,199601_228.nc
520,199602_228.nc
520,199603_228.nc
520,199604_228.nc
520,199605_228.nc
520,199606_228.nc
520,199607_228.nc
520,199608_228.nc
520,199609_228.nc
520,199610_228.nc
520,199611_228.nc
520,199612_228.nc
521,199701_228.nc
521,199702_228.nc
521,199703_228.nc
521,199704_228.nc
521,199705_228.nc
521,199706_228.nc
521,199707_228.nc
521,199708_228.nc
521,199709_228.nc
521,199710_228.nc
521,199711_228.nc
521,199712_228.nc
549,200201_2551.nc
549,200202_2551.nc
549,200203_2551.nc
549,200204_2551.nc
549,200205_2551.nc
549,200206_2551.nc
549,200207_2551.nc
549,200208_2551.nc
549,200209_2551.nc
549,200210_2551.nc
549,200211_2551.nc
549,200212_2551.nc
568,199801_2552.nc
568,199802_2552.nc
568,199803_2552.nc
568,199804_2552.nc
568,199805_2552.nc
568,199806_2552.nc
568,199807_2552.nc
568,199808_2552.nc
568,199809_2552.nc
568,199810_2552.nc
568,199811_2552.nc
568,199812_2552.nc
576,198301_168.nc
576,198302_168.nc
576,198303_168.nc
576,198304_168.nc
576,198305_168.nc
576,198306_168.nc
576,198307_168.nc
576,198308_168.nc
576,198309_168.nc
576,198310_168.nc
576,198311_168.nc
576,198312_168.nc
583,199001_168.nc
583,199002_168.nc
583,199003_168.nc
583,199004_168.nc
583,199005_168.nc
583,199006_168.nc
583,199007_168.nc
583,199008_168.nc
583,199009_168.nc
583,199010_168.nc
583,199011_168.nc
583,199012_168.nc
584,199101_168.nc
584,199102_168.nc
584,199103_168.nc
584,199104_168.nc
584,199105_168.nc
584,199106_168.nc
584,199107_168.nc
584,199108_168.nc
584,199109_168.nc
584,199110_168.nc
584,199111_168.nc
584,199112_168.nc
585,199201_168.nc
585,199202_168.nc
585,199203_168.nc
585,199204_168.nc
585,199205_168.nc
585,199206_168.nc
585,199207_168.nc
585,199208_168.nc
585,199209_168.nc
585,199210_168.nc
585,199211_168.nc
585,199212_168.nc
586,199301_168.nc
586,199302_168.nc
586,199303_168.nc
586,199304_168.nc
586,199305_168.nc
586,199306_168.nc
586,199307_168.nc
586,199308_168.nc
586,199309_168.nc
586,199310_168.nc
586,199311_168.nc
586,199312_168.nc
599,198301_68.nc
599,198302_68.nc
599,198303_68.nc
599,198304_68.nc
599,198305_68.nc
599,198306_68.nc
599,198307_68.nc
599,198308_68.nc
599,198309_68.nc
599,198310_68.nc
599,198311_68.nc
599,198312_68.nc
600,198401_68.nc
600,198402_68.nc
600,198403_68.nc
600,198404_68.nc
600,198405_68.nc
600,198406_68.nc
600,198407_68.nc
600,198408_68.nc
600,198409_68.nc
600,198410_68.nc
600,198411_68.nc
600,198412_68.nc
601,198501_68.nc
601,198502_68.nc
601,198503_68.nc
601,198504_68.nc
601,198505_68.nc
601,198506_68.nc
601,198507_68.nc
601,198508_68.nc
601,198509_68.nc
601,198510_68.nc
601,198511_68.nc
601,198512_68.nc
602,198601_68.nc
602,198602_68.nc
602,198603_68.nc
602,198604_68.nc
602,198605_68.nc
602,198606_68.nc
602,198607_68.nc
602,198608_68.nc
602,198609_68.nc
602,198610_68.nc
602,198611_68.nc
602,198612_68.nc
603,198701_68.nc
603,198702_68.nc
603,198703_68.nc
603,198704_68.nc
603,198705_68.nc
603,198706_68.nc
603,198707_68.nc
603,198708_68.nc
603,198709_68.nc
603,198710_68.nc
603,198711_68.nc
603,198712_68.nc
604,198801_68.nc
604,198802_68.nc
604,198803_68.nc
604,198804_68.nc
604,198805_68.nc
604,198806_68.nc
604,198807_68.nc
604,198808_68.nc
604,198809_68.nc
604,198810_68.nc
604,198811_68.nc
604,198812_68.nc
605,198901_68.nc
605,198902_68.nc
605,198903_68.nc
605,198904_68.nc
605,198905_68.nc
605,198906_68.nc
605,198907_68.nc
605,198908_68.nc
605,198909_68.nc
605,198910_68.nc
605,198911_68.nc
605,198912_68.nc
606,199001_68.nc
606,199002_68.nc
606,199003_68.nc
606,199004_68.nc
606,199005_68.nc
606,199006_68.nc
606,199007_68.nc
606,199008_68.nc
606,199009_68.nc
606,199010_68.nc
606,199011_68.nc
606,199012_68.nc
607,199101_68.nc
607,199102_68.nc
607,199103_68.nc
607,199104_68.nc
607,199105_68.nc
607,199106_68.nc
607,199107_68.nc
607,199108_68.nc
607,199109_68.nc
607,199110_68.nc
607,199111_68.nc
607,199112_68.nc
608,199201_68.nc
608,199202_68.nc
608,199203_68.nc
608,199204_68.nc
608,199205_68.nc
608,199206_68.nc
608,199207_68.nc
608,199208_68.nc
608,199209_68.nc
608,199210_68.nc
608,199211_68.nc
608,199212_68.nc
609,199301_68.nc
609,199302_68.nc
609,199303_68.nc
609,199304_68.nc
609,199305_68.nc
609,199306_68.nc
609,199307_68.nc
609,199308_68.nc
609,199309_68.nc
609,199310_68.nc
609,199311_68.nc
609,199312_68.nc
610,199401_68.nc
610,199402_68.nc
610,199403_68.nc
610,199404_68.nc
610,199405_68.nc
610,199406_68.nc
610,199407_68.nc
610,199408_68.nc
610,199409_68.nc
610,199410_68.nc
610,199411_68.nc
610,199412_68.nc
611,199501_68.nc
611,199502_68.nc
611,199503_68.nc
611,199504_68.nc
611,199505_68.nc
611,199506_68.nc
611,199507_68.nc
611,199508_68.nc
611,199509_68.nc
611,199510_68.nc
611,199511_68.nc
611,199512_68.nc
612,199601_68.nc
612,199602_68.nc
612,199603_68.nc
612,199604_68.nc
612,199605_68.nc
612,199606_68.nc
612,199607_68.nc
612,199608_68.nc
612,199609_68.nc
612,199610_68.nc
612,199611_68.nc
612,199612_68.nc
613,199701_68.nc
613,199702_68.nc
613,199703_68.nc
613,199704_68.nc
613,199705_68.nc
613,199706_68.nc
613,199707_68.nc
613,199708_68.nc
613,199709_68.nc
613,199710_68.nc
613,199711_68.nc
613,199712_68.nc
617,200101_68.nc
617,200102_68.nc
617,200103_68.nc
617,200104_68.nc
617,200105_68.nc
617,200106_68.nc
617,200107_68.nc
617,200108_68.nc
617,200109_68.nc
617,200110_68.nc
617,200111_68.nc
617,200112_68.nc
618,200201_68.nc
618,200202_68.nc
618,200203_68.nc
618,200204_68.nc
618,200205_68.nc
618,200206_68.nc
618,200207_68.nc
618,200208_68.nc
618,200209_68.nc
618,200210_68.nc
618,200211_68.nc
618,200212_68.nc
622,198301_189.nc
622,198302_189.nc
622,198303_189.nc
622,198304_189.nc
622,198305_189.nc
622,198306_189.nc
622,198307_189.nc
622,198308_189.nc
622,198309_189.nc
622,198310_189.nc
622,198311_189.nc
622,198312_189.nc
623,198401_189.nc
623,198402_189.nc
623,198403_189.nc
623,198404_189.nc
623,198405_189.nc
623,198406_189.nc
623,198407_189.nc
623,198408_189.nc
623,198409_189.nc
623,198410_189.nc
623,198411_189.nc
623,198412_189.nc
624,198501_189.nc
624,198502_189.nc
624,198503_189.nc
624,198504_189.nc
624,198505_189.nc
624,198506_189.nc
624,198507_189.nc
624,198508_189.nc
624,198509_189.nc
624,198510_189.nc
624,198511_189.nc
624,198512_189.nc
625,198601_189.nc
625,198602_189.nc
625,198603_189.nc
625,198604_189.nc
625,198605_189.nc
625,198606_189.nc
625,198607_189.nc
625,198608_189.nc
625,198609_189.nc
625,198610_189.nc
625,198611_189.nc
625,198612_189.nc
626,198701_189.nc
626,198702_189.nc
626,198703_189.nc
626,198704_189.nc
626,198705_189.nc
626,198706_189.nc
626,198707_189.nc
626,198708_189.nc
626,198709_189.nc
626,198710_189.nc
626,198711_189.nc
626,198712_189.nc
627,198801_189.nc
627,198802_189.nc
627,198803_189.nc
627,198804_189.nc
627,198805_189.nc
627,198806_189.nc
627,198807_189.nc
627,198808_189.nc
627,198809_189.nc
627,198810_189.nc
627,198811_189.nc
627,198812_189.nc
628,198901_189.nc
628,198902_189.nc
628,198903_189.nc
628,198904_189.nc
628,198905_189.nc
628,198906_189.nc
628,198907_189.nc
628,198908_189.nc
628,198909_189.nc
628,198910_189.nc
628,198911_189.nc
628,198912_189.nc
629,199001_189.nc
629,199002_189.nc
629,199003_189.nc
629,199004_189.nc
629,199005_189.nc
629,199006_189.nc
629,199007_189.nc
629,199008_189.nc
629,199009_189.nc
629,199010_189.nc
629,199011_189.nc
629,199012_189.nc
630,199101_189.nc
630,199102_189.nc
630,199103_189.nc
630,199104_189.nc
630,199105_189.nc
630,199106_189.nc
630,199107_189.nc
630,199108_189.nc
630,199109_189.nc
630,199110_189.nc
630,199111_189.nc
630,199112_189.nc
631,199201_189.nc
631,199202_189.nc
631,199203_189.nc
631,199204_189.nc
631,199205_189.nc
631,199206_189.nc
631,199207_189.nc
631,199208_189.nc
631,199209_189.nc
631,199210_189.nc
631,199211_189.nc
631,199212_189.nc
632,199301_189.nc
632,199302_189.nc
632,199303_189.nc
632,199304_189.nc
632,199305_189.nc
632,199306_189.nc
632,199307_189.nc
632,199308_189.nc
632,199309_189.nc
632,199310_189.nc
632,199311_189.nc
632,199312_189.nc
633,199401_189.nc
633,199402_189.nc
633,199403_189.nc
633,199404_189.nc
633,199405_189.nc
633,199406_189.nc
633,199407_189.nc
633,199408_189.nc
633,199409_189.nc
633,199410_189.nc
633,199411_189.nc
633,199412_189.nc
634,199501_189.nc
634,199502_189.nc
634,199503_189.nc
634,199504_189.nc
634,199505_189.nc
634,199506_189.nc
634,199507_189.nc
634,199508_189.nc
634,199509_189.nc
634,199510_189.nc
634,199511_189.nc
634,199512_189.nc
635,199601_189.nc
635,199602_189.nc
635,199603_189.nc
635,199604_189.nc
635,199605_189.nc
635,199606_189.nc
635,199607_189.nc
635,199608_189.nc
635,199609_189.nc
635,199610_189.nc
635,199611_189.nc
635,199612_189.nc
636,199701_189.nc
636,199702_189.nc
636,199703_189.nc
636,199704_189.nc
636,199705_189.nc
636,199706_189.nc
636,199707_189.nc
636,199708_189.nc
636,199709_189.nc
636,199710_189.nc
636,199711_189.nc
636,199712_189.nc
637,199801_189.nc
637,199802_189.nc
637,199803_189.nc
637,199804_189.nc
637,199805_189.nc
637,199806_189.nc
637,199807_189.nc
637,199808_189.nc
637,199809_189.nc
637,199810_189.nc
637,199811_189.nc
637,199812_189.nc
638,199901_189.nc
638,199902_189.nc
638,199903_189.nc
638,199904_189.nc
638,199905_189.nc
638,199906_189.nc
638,199907_189.nc
638,199908_189.nc
638,199909_189.nc
638,199910_189.nc
638,199911_189.nc
638,199912_189.nc
641,200201_189.nc
641,200202_189.nc
641,200203_189.nc
641,200204_189.nc
641,200205_189.nc
641,200206_189.nc
641,200207_189.nc
641,200208_189.nc
641,200209_189.nc
641,200210_189.nc
641,200211_189.nc
641,200212_189.nc
645,198301_89.nc
645,198302_89.nc
645,198303_89.nc
645,198304_89.nc
645,198305_89.nc
645,198306_89.nc
645,198307_89.nc
645,198308_89.nc
645,198309_89.nc
645,198310_89.nc
645,198311_89.nc
645,198312_89.nc
646,198401_89.nc
646,198402_89.nc
646,198403_89.nc
646,198404_89.nc
646,198405_89.nc
646,198406_89.nc
646,198407_89.nc
646,198408_89.nc
646,198409_89.nc
646,198410_89.nc
646,198411_89.nc
646,198412_89.nc
647,198501_89.nc
647,198502_89.nc
647,198503_89.nc
647,198504_89.nc
647,198505_89.nc
647,198506_89.nc
647,198507_89.nc
647,198508_89.nc
647,198509_89.nc
647,198510_89.nc
647,198511_89.nc
647,198512_89.nc
648,198601_89.nc
648,198602_89.nc
648,198603_89.nc
648,198604_89.nc
648,198605_89.nc
648,198606_89.nc
648,198607_89.nc
648,198608_89.nc
648,198609_89.nc
648,198610_89.nc
648,198611_89.nc
648,198612_89.nc
649,198701_89.nc
649,198702_89.nc
649,198703_89.nc
649,198704_89.nc
649,198705_89.nc
649,198706_89.nc
649,198707_89.nc
649,198708_89.nc
649,198709_89.nc
649,198710_89.nc
649,198711_89.nc
649,198712_89.nc
650,198801_89.nc
650,198802_89.nc
650,198803_89.nc
650,198804_89.nc
650,198805_89.nc
650,198806_89.nc
650,198807_89.nc
650,198808_89.nc
650,198809_89.nc
650,198810_89.nc
650,198811_89.nc
650,198812_89.nc
651,198901_89.nc
651,198902_89.nc
651,198903_89.nc
651,198904_89.nc
651,198905_89.nc
651,198906_89.nc
651,198907_89.nc
651,198908_89.nc
651,198909_89.nc
651,198910_89.nc
651,198911_89.nc
651,198912_89.nc
652,199001_89.nc
652,199002_89.nc
652,199003_89.nc
652,199004_89.nc
652,199005_89.nc
652,199006_89.nc
652,199007_89.nc
652,199008_89.nc
652,199009_89.nc
652,199010_89.nc
652,199011_89.nc
652,199012_89.nc
653,199101_89.nc
653,199102_89.nc
653,199103_89.nc
653,199104_89.nc
653,199105_89.nc
653,199106_89.nc
653,199107_89.nc
653,199108_89.nc
653,199109_89.nc
653,199110_89.nc
653,199111_89.nc
653,199112_89.nc
654,199201_89.nc
654,199202_89.nc
654,199203_89.nc
654,199204_89.nc
654,199205_89.nc
654,199206_89.nc
654,199207_89.nc
654,199208_89.nc
654,199209_89.nc
654,199210_89.nc
654,199211_89.nc
654,199212_89.nc
655,199301_89.nc
655,199302_89.nc
655,199303_89.nc
655,199304_89.nc
655,199305_89.nc
655,199306_89.nc
655,199307_89.nc
655,199308_89.nc
655,199309_89.nc
655,199310_89.nc
655,199311_89.nc
655,199312_89.nc
656,199401_89.nc
656,199402_89.nc
656,199403_89.nc
656,199404_89.nc
656,199405_89.nc
656,199406_89.nc
656,199407_89.nc
656,199408_89.nc
656,199409_89.nc
656,199410_89.nc
656,199411_89.nc
656,199412_89.nc
657,199501_89.nc
657,199502_89.nc
657,199503_89.nc
657,199504_89.nc
657,199505_89.nc
657,199506_89.nc
657,199507_89.nc
657,199508_89.nc
657,199509_89.nc
657,199510_89.nc
657,199511_89.nc
657,199512_89.nc
685,200001_2897.nc
685,200002_2897.nc
685,200003_2897.nc
685,200004_2897.nc
685,200005_2897.nc
685,200006_2897.nc
685,200007_2897.nc
685,200008_2897.nc
685,200009_2897.nc
685,200010_2897.nc
685,200011_2897.nc
685,200012_2897.nc
686,200101_2897.nc
686,200102_2897.nc
686,200103_2897.nc
686,200104_2897.nc
686,200105_2897.nc
686,200106_2897.nc
686,200107_2897.nc
686,200108_2897.nc
686,200109_2897.nc
686,200110_2897.nc
686,200111_2897.nc
686,200112_2897.nc
687,200201_2897.nc
687,200202_2897.nc
687,200203_2897.nc
687,200204_2897.nc
687,200205_2897.nc
687,200206_2897.nc
687,200207_2897.nc
687,200208_2897.nc
687,200209_2897.nc
687,200210_2897.nc
687,200211_2897.nc
687,200212_2897.nc
688,200301_2897.nc
688,200302_2897.nc
688,200303_2897.nc
688,200304_2897.nc
688,200305_2897.nc
688,200306_2897.nc
688,200307_2897.nc
688,200308_2897.nc
688,200309_2897.nc
688,200310_2897.nc
688,200311_2897.nc
688,200312_2897.nc
689,200401_2897.nc
689,200402_2897.nc
689,200403_2897.nc
689,200404_2897.nc
689,200405_2897.nc
689,200406_2897.nc
689,200407_2897.nc
689,200408_2897.nc
689,200409_2897.nc
689,200410_2897.nc
689,200411_2897.nc
689,200412_2897.nc
714,198301_90.nc
714,198302_90.nc
714,198303_90.nc
714,198304_90.nc
714,198305_90.nc
714,198306_90.nc
714,198307_90.nc
714,198308_90.nc
714,198309_90.nc
714,198310_90.nc
714,198311_90.nc
714,198312_90.nc
715,198401_90.nc
715,198402_90.nc
715,198403_90.nc
715,198404_90.nc
715,198405_90.nc
715,198406_90.nc
715,198407_90.nc
715,198408_90.nc
715,198409_90.nc
715,198410_90.nc
715,198411_90.nc
715,198412_90.nc
716,198501_90.nc
716,198502_90.nc
716,198503_90.nc
716,198504_90.nc
716,198505_90.nc
716,198506_90.nc
716,198507_90.nc
716,198508_90.nc
716,198509_90.nc
716,198510_90.nc
716,198511_90.nc
716,198512_90.nc
717,198601_90.nc
717,198602_90.nc
717,198603_90.nc
717,198604_90.nc
717,198605_90.nc
717,198606_90.nc
717,198607_90.nc
717,198608_90.nc
717,198609_90.nc
717,198610_90.nc
717,198611_90.nc
717,198612_90.nc
718,198701_90.nc
718,198702_90.nc
718,198703_90.nc
718,198704_90.nc
718,198705_90.nc
718,198706_90.nc
718,198707_90.nc
718,198708_90.nc
718,198709_90.nc
718,198710_90.nc
718,198711_90.nc
718,198712_90.nc
719,198801_90.nc
719,198802_90.nc
719,198803_90.nc
719,198804_90.nc
719,198805_90.nc
719,198806_90.nc
719,198807_90.nc
719,198808_90.nc
719,198809_90.nc
719,198810_90.nc
719,198811_90.nc
719,198812_90.nc
720,198901_90.nc
720,198902_90.nc
720,198903_90.nc
720,198904_90.nc
720,198905_90.nc
720,198906_90.nc
720,198907_90.nc
720,198908_90.nc
720,198909_90.nc
720,198910_90.nc
720,198911_90.nc
720,198912_90.nc
721,199001_90.nc
721,199002_90.nc
721,199003_90.nc
721,199004_90.nc
721,199005_90.nc
721,199006_90.nc
721,199007_90.nc
721,199008_90.nc
721,199009_90.nc
721,199010_90.nc
721,199011_90.nc
721,199012_90.nc
722,199101_90.nc
722,199102_90.nc
722,199103_90.nc
722,199104_90.nc
722,199105_90.nc
722,199106_90.nc
722,199107_90.nc
722,199108_90.nc
722,199109_90.nc
722,199110_90.nc
722,199111_90.nc
722,199112_90.nc
723,199201_90.nc
723,199202_90.nc
723,199203_90.nc
723,199204_90.nc
723,199205_90.nc
723,199206_90.nc
723,199207_90.nc
723,199208_90.nc
723,199209_90.nc
723,199210_90.nc
723,199211_90.nc
723,199212_90.nc
724,199301_90.nc
724,199302_90.nc
724,199303_90.nc
724,199304_90.nc
724,199305_90.nc
724,199306_90.nc
724,199307_90.nc
724,199308_90.nc
724,199309_90.nc
724,199310_90.nc
724,199311_90.nc
724,199312_90.nc
725,199401_90.nc
725,199402_90.nc
725,199403_90.nc
725,199404_90.nc
725,199405_90.nc
725,199406_90.nc
725,199407_90.nc
725,199408_90.nc
725,199409_90.nc
725,199410_90.nc
725,199411_90.nc
725,199412_90.nc
726,199501_90.nc
726,199502_90.nc
726,199503_90.nc
726,199504_90.nc
726,199505_90.nc
726,199506_90.nc
726,199507_90.nc
726,199508_90.nc
726,199509_90.nc
726,199510_90.nc
726,199511_90.nc
726,199512_90.nc
727,199601_90.nc
727,199602_90.nc
727,199603_90.nc
727,199604_90.nc
727,199605_90.nc
727,199606_90.nc
727,199607_90.nc
727,199608_90.nc
727,199609_90.nc
727,199610_90.nc
727,199611_90.nc
727,199612_90.nc
729,199801_90.nc
729,199802_90.nc
729,199803_90.nc
729,199804_90.nc
729,199805_90.nc
729,199806_90.nc
729,199807_90.nc
729,199808_90.nc
729,199809_90.nc
729,199810_90.nc
729,199811_90.nc
729,199812_90.nc
737,198301_112.nc
737,198302_112.nc
737,198303_112.nc
737,198304_112.nc
737,198305_112.nc
737,198306_112.nc
737,198307_112.nc
737,198308_112.nc
737,198309_112.nc
737,198310_112.nc
737,198311_112.nc
737,198312_112.nc
738,198401_112.nc
738,198402_112.nc
738,198403_112.nc
738,198404_112.nc
738,198405_112.nc
738,198406_112.nc
738,198407_112.nc
738,198408_112.nc
738,198409_112.nc
738,198410_112.nc
738,198411_112.nc
738,198412_112.nc
739,198501_112.nc
739,198502_112.nc
739,198503_112.nc
739,198504_112.nc
739,198505_112.nc
739,198506_112.nc
739,198507_112.nc
739,198508_112.nc
739,198509_112.nc
739,198510_112.nc
739,198511_112.nc
739,198512_112.nc
740,198601_112.nc
740,198602_112.nc
740,198603_112.nc
740,198604_112.nc
740,198605_112.nc
740,198606_112.nc
740,198607_112.nc
740,198608_112.nc
740,198609_112.nc
740,198610_112.nc
740,198611_112.nc
740,198612_112.nc
741,198701_112.nc
741,198702_112.nc
741,198703_112.nc
741,198704_112.nc
741,198705_112.nc
741,198706_112.nc
741,198707_112.nc
741,198708_112.nc
741,198709_112.nc
741,198710_112.nc
741,198711_112.nc
741,198712_112.nc
742,198801_112.nc
742,198802_112.nc
742,198803_112.nc
742,198804_112.nc
742,198805_112.nc
742,198806_112.nc
742,198807_112.nc
742,198808_112.nc
742,198809_112.nc
742,198810_112.nc
742,198811_112.nc
742,198812_112.nc
743,198901_112.nc
743,198902_112.nc
743,198903_112.nc
743,198904_112.nc
743,198905_112.nc
743,198906_112.nc
743,198907_112.nc
743,198908_112.nc
743,198909_112.nc
743,198910_112.nc
743,198911_112.nc
743,198912_112.nc
744,199001_112.nc
744,199002_112.nc
744,199003_112.nc
744,199004_112.nc
744,199005_112.nc
744,199006_112.nc
744,199007_112.nc
744,199008_112.nc
744,199009_112.nc
744,199010_112.nc
744,199011_112.nc
744,199012_112.nc
745,199101_112.nc
745,199102_112.nc
745,199103_112.nc
745,199104_112.nc
745,199105_112.nc
745,199106_112.nc
745,199107_112.nc
745,199108_112.nc
745,199109_112.nc
745,199110_112.nc
745,199111_112.nc
745,199112_112.nc
746,199201_112.nc
746,199202_112.nc
746,199203_112.nc
746,199204_112.nc
746,199205_112.nc
746,199206_112.nc
746,199207_112.nc
746,199208_112.nc
746,199209_112.nc
746,199210_112.nc
746,199211_112.nc
746,199212_112.nc
747,199301_112.nc
747,199302_112.nc
747,199303_112.nc
747,199304_112.nc
747,199305_112.nc
747,199306_112.nc
747,199307_112.nc
747,199308_112.nc
747,199309_112.nc
747,199310_112.nc
747,199311_112.nc
747,199312_112.nc
764,198701_2033.nc
764,198702_2033.nc
764,198703_2033.nc
764,198704_2033.nc
764,198705_2033.nc
764,198706_2033.nc
764,198707_2033.nc
764,198708_2033.nc
764,198709_2033.nc
764,198710_2033.nc
764,198711_2033.nc
764,198712_2033.nc
765,198801_2033.nc
765,198802_2033.nc
765,198803_2033.nc
765,198804_2033.nc
765,198805_2033.nc
765,198806_2033.nc
765,198807_2033.nc
765,198808_2033.nc
765,198809_2033.nc
765,198810_2033.nc
765,198811_2033.nc
765,198812_2033.nc
766,198901_2033.nc
766,198902_2033.nc
766,198903_2033.nc
766,198904_2033.nc
766,198905_2033.nc
766,198906_2033.nc
766,198907_2033.nc
766,198908_2033.nc
766,198909_2033.nc
766,198910_2033.nc
766,198911_2033.nc
766,198912_2033.nc
767,199001_2033.nc
767,199002_2033.nc
767,199003_2033.nc
767,199004_2033.nc
767,199005_2033.nc
767,199006_2033.nc
767,199007_2033.nc
767,199008_2033.nc
767,199009_2033.nc
767,199010_2033.nc
767,199011_2033.nc
767,199012_2033.nc
768,199101_2033.nc
768,199102_2033.nc
768,199103_2033.nc
768,199104_2033.nc
768,199105_2033.nc
768,199106_2033.nc
768,199107_2033.nc
768,199108_2033.nc
768,199109_2033.nc
768,199110_2033.nc
768,199111_2033.nc
768,199112_2033.nc
787,198701_2034.nc
787,198702_2034.nc
787,198703_2034.nc
787,198704_2034.nc
787,198705_2034.nc
787,198706_2034.nc
787,198707_2034.nc
787,198708_2034.nc
787,198709_2034.nc
787,198710_2034.nc
787,198711_2034.nc
787,198712_2034.nc
788,198801_2034.nc
788,198802_2034.nc
788,198803_2034.nc
788,198804_2034.nc
788,198805_2034.nc
788,198806_2034.nc
788,198807_2034.nc
788,198808_2034.nc
788,198809_2034.nc
788,198810_2034.nc
788,198811_2034.nc
788,198812_2034.nc
789,198901_2034.nc
789,198902_2034.nc
789,198903_2034.nc
789,198904_2034.nc
789,198905_2034.nc
789,198906_2034.nc
789,198907_2034.nc
789,198908_2034.nc
789,198909_2034.nc
789,198910_2034.nc
789,198911_2034.nc
789,198912_2034.nc
790,199001_2034.nc
790,199002_2034.nc
790,199003_2034.nc
790,199004_2034.nc
790,199005_2034.nc
790,199006_2034.nc
790,199007_2034.nc
790,199008_2034.nc
790,199009_2034.nc
790,199010_2034.nc
790,199011_2034.nc
790,199012_2034.nc
791,199101_2034.nc
791,199102_2034.nc
791,199103_2034.nc
791,199104_2034.nc
791,199105_2034.nc
791,199106_2034.nc
791,199107_2034.nc
791,199108_2034.nc
791,199109_2034.nc
791,199110_2034.nc
791,199111_2034.nc
791,199112_2034.nc
795,199501_2034.nc
795,199502_2034.nc
795,199503_2034.nc
795,199504_2034.nc
795,199505_2034.nc
795,199506_2034.nc
795,199507_2034.nc
795,199508_2034.nc
795,199509_2034.nc
795,199510_2034.nc
795,199511_2034.nc
795,199512_2034.nc
796,199601_2034.nc
796,199602_2034.nc
796,199603_2034.nc
796,199604_2034.nc
796,199605_2034.nc
796,199606_2034.nc
796,199607_2034.nc
796,199608_2034.nc
796,199609_2034.nc
796,199610_2034.nc
796,199611_2034.nc
796,199612_2034.nc
797,199701_2034.nc
797,199702_2034.nc
797,199703_2034.nc
797,199704_2034.nc
797,199705_2034.nc
797,199706_2034.nc
797,199707_2034.nc
797,199708_2034.nc
797,199709_2034.nc
797,199710_2034.nc
797,199711_2034.nc
797,199712_2034.nc
810,198701_2035.nc
810,198702_2035.nc
810,198703_2035.nc
810,198704_2035.nc
810,198705_2035.nc
810,198706_2035.nc
810,198707_2035.nc
810,198708_2035.nc
810,198709_2035.nc
810,198710_2035.nc
810,198711_2035.nc
810,198712_2035.nc
811,198801_2035.nc
811,198802_2035.nc
811,198803_2035.nc
811,198804_2035.nc
811,198805_2035.nc
811,198806_2035.nc
811,198807_2035.nc
811,198808_2035.nc
811,198809_2035.nc
811,198810_2035.nc
811,198811_2035.nc
811,198812_2035.nc
812,198901_2035.nc
812,198902_2035.nc
812,198903_2035.nc
812,198904_2035.nc
812,198905_2035.nc
812,198906_2035.nc
812,198907_2035.nc
812,198908_2035.nc
812,198909_2035.nc
812,198910_2035.nc
812,198911_2035.nc
812,198912_2035.nc
813,199001_2035.nc
813,199002_2035.nc
813,199003_2035.nc
813,199004_2035.nc
813,199005_2035.nc
813,199006_2035.nc
813,199007_2035.nc
813,199008_2035.nc
813,199009_2035.nc
813,199010_2035.nc
813,199011_2035.nc
813,199012_2035.nc
814,199101_2035.nc
814,199102_2035.nc
814,199103_2035.nc
814,199104_2035.nc
814,199105_2035.nc
814,199106_2035.nc
814,199107_2035.nc
814,199108_2035.nc
814,199109_2035.nc
814,199110_2035.nc
814,199111_2035.nc
814,199112_2035.nc
833,198701_2036.nc
833,198702_2036.nc
833,198703_2036.nc
833,198704_2036.nc
833,198705_2036.nc
833,198706_2036.nc
833,198707_2036.nc
833,198708_2036.nc
833,198709_2036.nc
833,198710_2036.nc
833,198711_2036.nc
833,198712_2036.nc
834,198801_2036.nc
834,198802_2036.nc
834,198803_2036.nc
834,198804_2036.nc
834,198805_2036.nc
834,198806_2036.nc
834,198807_2036.nc
834,198808_2036.nc
834,198809_2036.nc
834,198810_2036.nc
834,198811_2036.nc
834,198812_2036.nc
835,198901_2036.nc
835,198902_2036.nc
835,198903_2036.nc
835,198904_2036.nc
835,198905_2036.nc
835,198906_2036.nc
835,198907_2036.nc
835,198908_2036.nc
835,198909_2036.nc
835,198910_2036.nc
835,198911_2036.nc
835,198912_2036.nc
836,199001_2036.nc
836,199002_2036.nc
836,199003_2036.nc
836,199004_2036.nc
836,199005_2036.nc
836,199006_2036.nc
836,199007_2036.nc
836,199008_2036.nc
836,199009_2036.nc
836,199010_2036.nc
836,199011_2036.nc
836,199012_2036.nc
837,199101_2036.nc
837,199102_2036.nc
837,199103_2036.nc
837,199104_2036.nc
837,199105_2036.nc
837,199106_2036.nc
837,199107_2036.nc
837,199108_2036.nc
837,199109_2036.nc
837,199110_2036.nc
837,199111_2036.nc
837,199112_2036.nc
856,198701_2037.nc
856,198702_2037.nc
856,198703_2037.nc
856,198704_2037.nc
856,198705_2037.nc
856,198706_2037.nc
856,198707_2037.nc
856,198708_2037.nc
856,198709_2037.nc
856,198710_2037.nc
856,198711_2037.nc
856,198712_2037.nc
857,198801_2037.nc
857,198802_2037.nc
857,198803_2037.nc
857,198804_2037.nc
857,198805_2037.nc
857,198806_2037.nc
857,198807_2037.nc
857,198808_2037.nc
857,198809_2037.nc
857,198810_2037.nc
857,198811_2037.nc
857,198812_2037.nc
858,198901_2037.nc
858,198902_2037.nc
858,198903_2037.nc
858,198904_2037.nc
858,198905_2037.nc
858,198906_2037.nc
858,198907_2037.nc
858,198908_2037.nc
858,198909_2037.nc
858,198910_2037.nc
858,198911_2037.nc
858,198912_2037.nc
879,198701_2038.nc
879,198702_2038.nc
879,198703_2038.nc
879,198704_2038.nc
879,198705_2038.nc
879,198706_2038.nc
879,198707_2038.nc
879,198708_2038.nc
879,198709_2038.nc
879,198710_2038.nc
879,198711_2038.nc
879,198712_2038.nc
880,198801_2038.nc
880,198802_2038.nc
880,198803_2038.nc
880,198804_2038.nc
880,198805_2038.nc
880,198806_2038.nc
880,198807_2038.nc
880,198808_2038.nc
880,198809_2038.nc
880,198810_2038.nc
880,198811_2038.nc
880,198812_2038.nc
881,198901_2038.nc
881,198902_2038.nc
881,198903_2038.nc
881,198904_2038.nc
881,198905_2038.nc
881,198906_2038.nc
881,198907_2038.nc
881,198908_2038.nc
881,198909_2038.nc
881,198910_2038.nc
881,198911_2038.nc
881,198912_2038.nc
882,199001_2038.nc
882,199002_2038.nc
882,199003_2038.nc
882,199004_2038.nc
882,199005_2038.nc
882,199006_2038.nc
882,199007_2038.nc
882,199008_2038.nc
882,199009_2038.nc
882,199010_2038.nc
882,199011_2038.nc
882,199012_2038.nc
883,199101_2038.nc
883,199102_2038.nc
883,199103_2038.nc
883,199104_2038.nc
883,199105_2038.nc
883,199106_2038.nc
883,199107_2038.nc
883,199108_2038.nc
883,199109_2038.nc
883,199110_2038.nc
883,199111_2038.nc
883,199112_2038.nc
902,198701_256.nc
902,198702_256.nc
902,198703_256.nc
902,198704_256.nc
902,198705_256.nc
902,198706_256.nc
902,198707_256.nc
902,198708_256.nc
902,198709_256.nc
902,198710_256.nc
902,198711_256.nc
902,198712_256.nc
903,198801_256.nc
903,198802_256.nc
903,198803_256.nc
903,198804_256.nc
903,198805_256.nc
903,198806_256.nc
903,198807_256.nc
903,198808_256.nc
903,198809_256.nc
903,198810_256.nc
903,198811_256.nc
903,198812_256.nc
904,198901_256.nc
904,198902_256.nc
904,198903_256.nc
904,198904_256.nc
904,198905_256.nc
904,198906_256.nc
904,198907_256.nc
904,198908_256.nc
904,198909_256.nc
904,198910_256.nc
904,198911_256.nc
904,198912_256.nc
905,199001_256.nc
905,199002_256.nc
905,199003_256.nc
905,199004_256.nc
905,199005_256.nc
905,199006_256.nc
905,199007_256.nc
905,199008_256.nc
905,199009_256.nc
905,199010_256.nc
905,199011_256.nc
905,199012_256.nc
906,199101_256.nc
906,199102_256.nc
906,199103_256.nc
906,199104_256.nc
906,199105_256.nc
906,199106_256.nc
906,199107_256.nc
906,199108_256.nc
906,199109_256.nc
906,199110_256.nc
906,199111_256.nc
906,199112_256.nc
907,199201_256.nc
907,199202_256.nc
907,199203_256.nc
907,199204_256.nc
907,199205_256.nc
907,199206_256.nc
907,199207_256.nc
907,199208_256.nc
907,199209_256.nc
907,199210_256.nc
907,199211_256.nc
907,199212_256.nc
908,199301_256.nc
908,199302_256.nc
908,199303_256.nc
908,199304_256.nc
908,199305_256.nc
908,199306_256.nc
908,199307_256.nc
908,199308_256.nc
908,199309_256.nc
908,199310_256.nc
908,199311_256.nc
908,199312_256.nc
910,199501_256.nc
910,199502_256.nc
910,199503_256.nc
910,199504_256.nc
910,199505_256.nc
910,199506_256.nc
910,199507_256.nc
910,199508_256.nc
910,199509_256.nc
910,199510_256.nc
910,199511_256.nc
910,199512_256.nc
911,199601_256.nc
911,199602_256.nc
911,199603_256.nc
911,199604_256.nc
911,199605_256.nc
911,199606_256.nc
911,199607_256.nc
911,199608_256.nc
911,199609_256.nc
911,199610_256.nc
911,199611_256.nc
911,199612_256.nc
912,199701_256.nc
912,199702_256.nc
912,199703_256.nc
912,199704_256.nc
912,199705_256.nc
912,199706_256.nc
912,199707_256.nc
912,199708_256.nc
912,199709_256.nc
912,199710_256.nc
912,199711_256.nc
912,199712_256.nc
913,199801_256.nc
913,199802_256.nc
913,199803_256.nc
913,199804_256.nc
913,199805_256.nc
913,199806_256.nc
913,199807_256.nc
913,199808_256.nc
913,199809_256.nc
913,199810_256.nc
913,199811_256.nc
913,199812_256.nc
938,200001_2897.nc
938,200002_2897.nc
938,200003_2897.nc
938,200004_2897.nc
938,200005_2897.nc
938,200006_2897.nc
938,200007_2897.nc
938,200008_2897.nc
938,200009_2897.nc
938,200010_2897.nc
938,200011_2897.nc
938,200012_2897.nc
939,200101_2897.nc
939,200102_2897.nc
939,200103_2897.nc
939,200104_2897.nc
939,200105_2897.nc
939,200106_2897.nc
939,200107_2897.nc
939,200108_2897.nc
939,200109_2897.nc
939,200110_2897.nc
939,200111_2897.nc
939,200112_2897.nc
940,200201_2897.nc
940,200202_2897.nc
940,200203_2897.nc
940,200204_2897.nc
940,200205_2897.nc
940,200206_2897.nc
940,200207_2897.nc
940,200208_2897.nc
940,200209_2897.nc
940,200210_2897.nc
940,200211_2897.nc
940,200212_2897.nc
941,200301_2897.nc
941,200302_2897.nc
941,200303_2897.nc
941,200304_2897.nc
941,200305_2897.nc
941,200306_2897.nc
941,200307_2897.nc
941,200308_2897.nc
941,200309_2897.nc
941,200310_2897.nc
941,200311_2897.nc
941,200312_2897.nc
942,200401_2897.nc
942,200402_2897.nc
942,200403_2897.nc
942,200404_2897.nc
942,200405_2897.nc
942,200406_2897.nc
942,200407_2897.nc
942,200408_2897.nc
942,200409_2897.nc
942,200410_2897.nc
942,200411_2897.nc
942,200412_2897.nc
944,198301_114.nc
944,198302_114.nc
944,198303_114.nc
944,198304_114.nc
944,198305_114.nc
944,198306_114.nc
944,198307_114.nc
944,198308_114.nc
944,198309_114.nc
944,198310_114.nc
944,198311_114.nc
944,198312_114.nc
945,198401_114.nc
945,198402_114.nc
945,198403_114.nc
945,198404_114.nc
945,198405_114.nc
945,198406_114.nc
945,198407_114.nc
945,198408_114.nc
945,198409_114.nc
945,198410_114.nc
945,198411_114.nc
945,198412_114.nc
967,198301_122.nc
967,198302_122.nc
967,198303_122.nc
967,198304_122.nc
967,198305_122.nc
967,198306_122.nc
967,198307_122.nc
967,198308_122.nc
967,198309_122.nc
967,198310_122.nc
967,198311_122.nc
967,198312_122.nc
968,198401_122.nc
968,198402_122.nc
968,198403_122.nc
968,198404_122.nc
968,198405_122.nc
968,198406_122.nc
968,198407_122.nc
968,198408_122.nc
968,198409_122.nc
968,198410_122.nc
968,198411_122.nc
968,198412_122.nc
969,198501_122.nc
969,198502_122.nc
969,198503_122.nc
969,198504_122.nc
969,198505_122.nc
969,198506_122.nc
969,198507_122.nc
969,198508_122.nc
969,198509_122.nc
969,198510_122.nc
969,198511_122.nc
969,198512_122.nc
970,198601_122.nc
970,198602_122.nc
970,198603_122.nc
970,198604_122.nc
970,198605_122.nc
970,198606_122.nc
970,198607_122.nc
970,198608_122.nc
970,198609_122.nc
970,198610_122.nc
970,198611_122.nc
970,198612_122.nc
971,198701_122.nc
971,198702_122.nc
971,198703_122.nc
971,198704_122.nc
971,198705_122.nc
971,198706_122.nc
971,198707_122.nc
971,198708_122.nc
971,198709_122.nc
971,198710_122.nc
971,198711_122.nc
971,198712_122.nc
972,198801_122.nc
972,198802_122.nc
972,198803_122.nc
972,198804_122.nc
972,198805_122.nc
972,198806_122.nc
972,198807_122.nc
972,198808_122.nc
972,198809_122.nc
972,198810_122.nc
972,198811_122.nc
972,198812_122.nc
973,198901_122.nc
973,198902_122.nc
973,198903_122.nc
973,198904_122.nc
973,198905_122.nc
973,198906_122.nc
973,198907_122.nc
973,198908_122.nc
973,198909_122.nc
973,198910_122.nc
973,198911_122.nc
973,198912_122.nc
990,198301_130.nc
990,198302_130.nc
990,198303_130.nc
990,198304_130.nc
990,198305_130.nc
990,198306_130.nc
990,198307_130.nc
990,198308_130.nc
990,198309_130.nc
990,198310_130.nc
990,198311_130.nc
990,198312_130.nc
991,198401_130.nc
991,198402_130.nc
991,198403_130.nc
991,198404_130.nc
991,198405_130.nc
991,198406_130.nc
991,198407_130.nc
991,198408_130.nc
991,198409_130.nc
991,198410_130.nc
991,198411_130.nc
991,198412_130.nc
992,198501_130.nc
992,198502_130.nc
992,198503_130.nc
992,198504_130.nc
992,198505_130.nc
992,198506_130.nc
992,198507_130.nc
992,198508_130.nc
992,198509_130.nc
992,198510_130.nc
992,198511_130.nc
992,198512_130.nc
993,198601_130.nc
993,198602_130.nc
993,198603_130.nc
993,198604_130.nc
993,198605_130.nc
993,198606_130.nc
993,198607_130.nc
993,198608_130.nc
993,198609_130.nc
993,198610_130.nc
993,198611_130.nc
993,198612_130.nc
994,198701_130.nc
994,198702_130.nc
994,198703_130.nc
994,198704_130.nc
994,198705_130.nc
994,198706_130.nc
994,198707_130.nc
994,198708_130.nc
994,198709_130.nc
994,198710_130.nc
994,198711_130.nc
994,198712_130.nc
995,198801_130.nc
995,198802_130.nc
995,198803_130.nc
995,198804_130.nc
995,198805_130.nc
995,198806_130.nc
995,198807_130.nc
995,198808_130.nc
995,198809_130.nc
995,198810_130.nc
995,198811_130.nc
995,198812_130.nc
996,198901_130.nc
996,198902_130.nc
996,198903_130.nc
996,198904_130.nc
996,198905_130.nc
996,198906_130.nc
996,198907_130.nc
996,198908_130.nc
996,198909_130.nc
996,198910_130.nc
996,198911_130.nc
996,198912_130.nc
1013,198301_137.nc
1013,198302_137.nc
1013,198303_137.nc
1013,198304_137.nc
1013,198305_137.nc
1013,198306_137.nc
1013,198307_137.nc
1013,198308_137.nc
1013,198309_137.nc
1013,198310_137.nc
1013,198311_137.nc
1013,198312_137.nc
1036,198301_138.nc
1036,198302_138.nc
1036,198303_138.nc
1036,198304_138.nc
1036,198305_138.nc
1036,198306_138.nc
1036,198307_138.nc
1036,198308_138.nc
1036,198309_138.nc
1036,198310_138.nc
1036,198311_138.nc
1036,198312_138.nc
1037,198401_138.nc
1037,198402_138.nc
1037,198403_138.nc
1037,198404_138.nc
1037,198405_138.nc
1037,198406_138.nc
1037,198407_138.nc
1037,198408_138.nc
1037,198409_138.nc
1037,198410_138.nc
1037,198411_138.nc
1037,198412_138.nc
1038,198501_138.nc
1038,198502_138.nc
1038,198503_138.nc
1038,198504_138.nc
1038,198505_138.nc
1038,198506_138.nc
1038,198507_138.nc
1038,198508_138.nc
1038,198509_138.nc
1038,198510_138.nc
1038,198511_138.nc
1038,198512_138.nc
1039,198601_138.nc
1039,198602_138.nc
1039,198603_138.nc
1039,198604_138.nc
1039,198605_138.nc
1039,198606_138.nc
1039,198607_138.nc
1039,198608_138.nc
1039,198609_138.nc
1039,198610_138.nc
1039,198611_138.nc
1039,198612_138.nc
1040,198701_138.nc
1040,198702_138.nc
1040,198703_138.nc
1040,198704_138.nc
1040,198705_138.nc
1040,198706_138.nc
1040,198707_138.nc
1040,198708_138.nc
1040,198709_138.nc
1040,198710_138.nc
1040,198711_138.nc
1040,198712_138.nc
1041,198801_138.nc
1041,198802_138.nc
1041,198803_138.nc
1041,198804_138.nc
1041,198805_138.nc
1041,198806_138.nc
1041,198807_138.nc
1041,198808_138.nc
1041,198809_138.nc
1041,198810_138.nc
1041,198811_138.nc
1041,198812_138.nc
1042,198901_138.nc
1042,198902_138.nc
1042,198903_138.nc
1042,198904_138.nc
1042,198905_138.nc
1042,198906_138.nc
1042,198907_138.nc
1042,198908_138.nc
1042,198909_138.nc
1042,198910_138.nc
1042,198911_138.nc
1042,198912_138.nc
1059,198301_176.nc
1059,198302_176.nc
1059,198303_176.nc
1059,198304_176.nc
1059,198305_176.nc
1059,198306_176.nc
1059,198307_176.nc
1059,198308_176.nc
1059,198309_176.nc
1059,198310_176.nc
1059,198311_176.nc
1059,198312_176.nc
1060,198401_176.nc
1060,198402_176.nc
1060,198403_176.nc
1060,198404_176.nc
1060,198405_176.nc
1060,198406_176.nc
1060,198407_176.nc
1060,198408_176.nc
1060,198409_176.nc
1060,198410_176.nc
1060,198411_176.nc
1060,198412_176.nc
1061,198501_176.nc
1061,198502_176.nc
1061,198503_176.nc
1061,198504_176.nc
1061,198505_176.nc
1061,198506_176.nc
1061,198507_176.nc
1061,198508_176.nc
1061,198509_176.nc
1061,198510_176.nc
1061,198511_176.nc
1061,198512_176.nc
1062,198601_176.nc
1062,198602_176.nc
1062,198603_176.nc
1062,198604_176.nc
1062,198605_176.nc
1062,198606_176.nc
1062,198607_176.nc
1062,198608_176.nc
1062,198609_176.nc
1062,198610_176.nc
1062,198611_176.nc
1062,198612_176.nc
1063,198701_176.nc
1063,198702_176.nc
1063,198703_176.nc
1063,198704_176.nc
1063,198705_176.nc
1063,198706_176.nc
1063,198707_176.nc
1063,198708_176.nc
1063,198709_176.nc
1063,198710_176.nc
1063,198711_176.nc
1063,198712_176.nc
1064,198801_176.nc
1064,198802_176.nc
1064,198803_176.nc
1064,198804_176.nc
1064,198805_176.nc
1064,198806_176.nc
1064,198807_176.nc
1064,198808_176.nc
1064,198809_176.nc
1064,198810_176.nc
1064,198811_176.nc
1064,198812_176.nc
1065,198901_176.nc
1065,198902_176.nc
1065,198903_176.nc
1065,198904_176.nc
1065,198905_176.nc
1065,198906_176.nc
1065,198907_176.nc
1065,198908_176.nc
1065,198909_176.nc
1065,198910_176.nc
1065,198911_176.nc
1065,198912_176.nc
1066,199001_176.nc
1066,199002_176.nc
1066,199003_176.nc
1066,199004_176.nc
1066,199005_176.nc
1066,199006_176.nc
1066,199007_176.nc
1066,199008_176.nc
1066,199009_176.nc
1066,199010_176.nc
1066,199011_176.nc
1066,199012_176.nc
1067,199101_176.nc
1067,199102_176.nc
1067,199103_176.nc
1067,199104_176.nc
1067,199105_176.nc
1067,199106_176.nc
1067,199107_176.nc
1067,199108_176.nc
1067,199109_176.nc
1067,199110_176.nc
1067,199111_176.nc
1067,199112_176.nc
1068,199201_176.nc
1068,199202_176.nc
1068,199203_176.nc
1068,199204_176.nc
1068,199205_176.nc
1068,199206_176.nc
1068,199207_176.nc
1068,199208_176.nc
1068,199209_176.nc
1068,199210_176.nc
1068,199211_176.nc
1068,199212_176.nc
1069,199301_176.nc
1069,199302_176.nc
1069,199303_176.nc
1069,199304_176.nc
1069,199305_176.nc
1069,199306_176.nc
1069,199307_176.nc
1069,199308_176.nc
1069,199309_176.nc
1069,199310_176.nc
1069,199311_176.nc
1069,199312_176.nc
1082,198301_76.nc
1082,198302_76.nc
1082,198303_76.nc
1082,198304_76.nc
1082,198305_76.nc
1082,198306_76.nc
1082,198307_76.nc
1082,198308_76.nc
1082,198309_76.nc
1082,198310_76.nc
1082,198311_76.nc
1082,198312_76.nc
1083,198401_76.nc
1083,198402_76.nc
1083,198403_76.nc
1083,198404_76.nc
1083,198405_76.nc
1083,198406_76.nc
1083,198407_76.nc
1083,198408_76.nc
1083,198409_76.nc
1083,198410_76.nc
1083,198411_76.nc
1083,198412_76.nc
1084,198501_76.nc
1084,198502_76.nc
1084,198503_76.nc
1084,198504_76.nc
1084,198505_76.nc
1084,198506_76.nc
1084,198507_76.nc
1084,198508_76.nc
1084,198509_76.nc
1084,198510_76.nc
1084,198511_76.nc
1084,198512_76.nc
1087,198801_76.nc
1087,198802_76.nc
1087,198803_76.nc
1087,198804_76.nc
1087,198805_76.nc
1087,198806_76.nc
1087,198807_76.nc
1087,198808_76.nc
1087,198809_76.nc
1087,198810_76.nc
1087,198811_76.nc
1087,198812_76.nc
1088,198901_76.nc
1088,198902_76.nc
1088,198903_76.nc
1088,198904_76.nc
1088,198905_76.nc
1088,198906_76.nc
1088,198907_76.nc
1088,198908_76.nc
1088,198909_76.nc
1088,198910_76.nc
1088,198911_76.nc
1088,198912_76.nc
1105,198301_118.nc
1105,198302_118.nc
1105,198303_118.nc
1105,198304_118.nc
1105,198305_118.nc
1105,198306_118.nc
1105,198307_118.nc
1105,198308_118.nc
1105,198309_118.nc
1105,198310_118.nc
1105,198311_118.nc
1105,198312_118.nc
1106,198401_118.nc
1106,198402_118.nc
1106,198403_118.nc
1106,198404_118.nc
1106,198405_118.nc
1106,198406_118.nc
1106,198407_118.nc
1106,198408_118.nc
1106,198409_118.nc
1106,198410_118.nc
1106,198411_118.nc
1106,198412_118.nc
1107,198501_118.nc
1107,198502_118.nc
1107,198503_118.nc
1107,198504_118.nc
1107,198505_118.nc
1107,198506_118.nc
1107,198507_118.nc
1107,198508_118.nc
1107,198509_118.nc
1107,198510_118.nc
1107,198511_118.nc
1107,198512_118.nc
1108,198601_118.nc
1108,198602_118.nc
1108,198603_118.nc
1108,198604_118.nc
1108,198605_118.nc
1108,198606_118.nc
1108,198607_118.nc
1108,198608_118.nc
1108,198609_118.nc
1108,198610_118.nc
1108,198611_118.nc
1108,198612_118.nc
1109,198701_118.nc
1109,198702_118.nc
1109,198703_118.nc
1109,198704_118.nc
1109,198705_118.nc
1109,198706_118.nc
1109,198707_118.nc
1109,198708_118.nc
1109,198709_118.nc
1109,198710_118.nc
1109,198711_118.nc
1109,198712_118.nc
1110,198801_118.nc
1110,198802_118.nc
1110,198803_118.nc
1110,198804_118.nc
1110,198805_118.nc
1110,198806_118.nc
1110,198807_118.nc
1110,198808_118.nc
1110,198809_118.nc
1110,198810_118.nc
1110,198811_118.nc
1110,198812_118.nc
1111,198901_118.nc
1111,198902_118.nc
1111,198903_118.nc
1111,198904_118.nc
1111,198905_118.nc
1111,198906_118.nc
1111,198907_118.nc
1111,198908_118.nc
1111,198909_118.nc
1111,198910_118.nc
1111,198911_118.nc
1111,198912_118.nc
1112,199001_118.nc
1112,199002_118.nc
1112,199003_118.nc
1112,199004_118.nc
1112,199005_118.nc
1112,199006_118.nc
1112,199007_118.nc
1112,199008_118.nc
1112,199009_118.nc
1112,199010_118.nc
1112,199011_118.nc
1112,199012_118.nc
1113,199101_118.nc
1113,199102_118.nc
1113,199103_118.nc
1113,199104_118.nc
1113,199105_118.nc
1113,199106_118.nc
1113,199107_118.nc
1113,199108_118.nc
1113,199109_118.nc
1113,199110_118.nc
1113,199111_118.nc
1113,199112_118.nc
1114,199201_118.nc
1114,199202_118.nc
1114,199203_118.nc
1114,199204_118.nc
1114,199205_118.nc
1114,199206_118.nc
1114,199207_118.nc
1114,199208_118.nc
1114,199209_118.nc
1114,199210_118.nc
1114,199211_118.nc
1114,199212_118.nc
1115,199301_118.nc
1115,199302_118.nc
1115,199303_118.nc
1115,199304_118.nc
1115,199305_118.nc
1115,199306_118.nc
1115,199307_118.nc
1115,199308_118.nc
1115,199309_118.nc
1115,199310_118.nc
1115,199311_118.nc
1115,199312_118.nc
1116,199401_118.nc
1116,199402_118.nc
1116,199403_118.nc
1116,199404_118.nc
1116,199405_118.nc
1116,199406_118.nc
1116,199407_118.nc
1116,199408_118.nc
1116,199409_118.nc
1116,199410_118.nc
1116,199411_118.nc
1116,199412_118.nc
1117,199501_118.nc
1117,199502_118.nc
1117,199503_118.nc
1117,199504_118.nc
1117,199505_118.nc
1117,199506_118.nc
1117,199507_118.nc
1117,199508_118.nc
1117,199509_118.nc
1117,199510_118.nc
1117,199511_118.nc
1117,199512_118.nc
1118,199601_118.nc
1118,199602_118.nc
1118,199603_118.nc
1118,199604_118.nc
1118,199605_118.nc
1118,199606_118.nc
1118,199607_118.nc
1118,199608_118.nc
1118,199609_118.nc
1118,199610_118.nc
1118,199611_118.nc
1118,199612_118.nc
1119,199701_118.nc
1119,199702_118.nc
1119,199703_118.nc
1119,199704_118.nc
1119,199705_118.nc
1119,199706_118.nc
1119,199707_118.nc
1119,199708_118.nc
1119,199709_118.nc
1119,199710_118.nc
1119,199711_118.nc
1119,199712_118.nc
1120,199801_118.nc
1120,199802_118.nc
1120,199803_118.nc
1120,199804_118.nc
1120,199805_118.nc
1120,199806_118.nc
1120,199807_118.nc
1120,199808_118.nc
1120,199809_118.nc
1120,199810_118.nc
1120,199811_118.nc
1120,199812_118.nc
1121,199901_118.nc
1121,199902_118.nc
1121,199903_118.nc
1121,199904_118.nc
1121,199905_118.nc
1121,199906_118.nc
1121,199907_118.nc
1121,199908_118.nc
1121,199909_118.nc
1121,199910_118.nc
1121,199911_118.nc
1121,199912_118.nc
1122,200001_118.nc
1122,200002_118.nc
1122,200003_118.nc
1122,200004_118.nc
1122,200005_118.nc
1122,200006_118.nc
1122,200007_118.nc
1122,200008_118.nc
1122,200009_118.nc
1122,200010_118.nc
1122,200011_118.nc
1122,200012_118.nc
1123,200101_118.nc
1123,200102_118.nc
1123,200103_118.nc
1123,200104_118.nc
1123,200105_118.nc
1123,200106_118.nc
1123,200107_118.nc
1123,200108_118.nc
1123,200109_118.nc
1123,200110_118.nc
1123,200111_118.nc
1123,200112_118.nc
1124,200201_118.nc
1124,200202_118.nc
1124,200203_118.nc
1124,200204_118.nc
1124,200205_118.nc
1124,200206_118.nc
1124,200207_118.nc
1124,200208_118.nc
1124,200209_118.nc
1124,200210_118.nc
1124,200211_118.nc
1124,200212_118.nc
1125,200301_118.nc
1125,200302_118.nc
1125,200303_118.nc
1125,200304_118.nc
1125,200305_118.nc
1125,200306_118.nc
1125,200307_118.nc
1125,200308_118.nc
1125,200309_118.nc
1125,200310_118.nc
1125,200311_118.nc
1125,200312_118.nc
1126,200401_118.nc
1126,200402_118.nc
1126,200403_118.nc
1126,200404_118.nc
1126,200405_118.nc
1126,200406_118.nc
1126,200407_118.nc
1126,200408_118.nc
1126,200409_118.nc
1126,200410_118.nc
1126,200411_118.nc
1126,200412_118.nc
1127,200501_118.nc
1127,200502_118.nc
1127,200503_118.nc
1127,200504_118.nc
1127,200505_118.nc
1127,200506_118.nc
1127,200507_118.nc
1127,200508_118.nc
1127,200509_118.nc
1127,200510_118.nc
1127,200511_118.nc
1127,200512_118.nc
1128,198301_83.nc
1128,198302_83.nc
1128,198303_83.nc
1128,198304_83.nc
1128,198305_83.nc
1128,198306_83.nc
1128,198307_83.nc
1128,198308_83.nc
1128,198309_83.nc
1128,198310_83.nc
1128,198311_83.nc
1128,198312_83.nc
1129,198401_83.nc
1129,198402_83.nc
1129,198403_83.nc
1129,198404_83.nc
1129,198405_83.nc
1129,198406_83.nc
1129,198407_83.nc
1129,198408_83.nc
1129,198409_83.nc
1129,198410_83.nc
1129,198411_83.nc
1129,198412_83.nc
1130,198501_83.nc
1130,198502_83.nc
1130,198503_83.nc
1130,198504_83.nc
1130,198505_83.nc
1130,198506_83.nc
1130,198507_83.nc
1130,198508_83.nc
1130,198509_83.nc
1130,198510_83.nc
1130,198511_83.nc
1130,198512_83.nc
1131,198601_83.nc
1131,198602_83.nc
1131,198603_83.nc
1131,198604_83.nc
1131,198605_83.nc
1131,198606_83.nc
1131,198607_83.nc
1131,198608_83.nc
1131,198609_83.nc
1131,198610_83.nc
1131,198611_83.nc
1131,198612_83.nc
1132,198701_83.nc
1132,198702_83.nc
1132,198703_83.nc
1132,198704_83.nc
1132,198705_83.nc
1132,198706_83.nc
1132,198707_83.nc
1132,198708_83.nc
1132,198709_83.nc
1132,198710_83.nc
1132,198711_83.nc
1132,198712_83.nc
1133,198801_83.nc
1133,198802_83.nc
1133,198803_83.nc
1133,198804_83.nc
1133,198805_83.nc
1133,198806_83.nc
1133,198807_83.nc
1133,198808_83.nc
1133,198809_83.nc
1133,198810_83.nc
1133,198811_83.nc
1133,198812_83.nc
1134,198901_83.nc
1134,198902_83.nc
1134,198903_83.nc
1134,198904_83.nc
1134,198905_83.nc
1134,198906_83.nc
1134,198907_83.nc
1134,198908_83.nc
1134,198909_83.nc
1134,198910_83.nc
1134,198911_83.nc
1134,198912_83.nc
1135,199001_83.nc
1135,199002_83.nc
1135,199003_83.nc
1135,199004_83.nc
1135,199005_83.nc
1135,199006_83.nc
1135,199007_83.nc
1135,199008_83.nc
1135,199009_83.nc
1135,199010_83.nc
1135,199011_83.nc
1135,199012_83.nc
1136,199101_83.nc
1136,199102_83.nc
1136,199103_83.nc
1136,199104_83.nc
1136,199105_83.nc
1136,199106_83.nc
1136,199107_83.nc
1136,199108_83.nc
1136,199109_83.nc
1136,199110_83.nc
1136,199111_83.nc
1136,199112_83.nc
1137,199201_83.nc
1137,199202_83.nc
1137,199203_83.nc
1137,199204_83.nc
1137,199205_83.nc
1137,199206_83.nc
1137,199207_83.nc
1137,199208_83.nc
1137,199209_83.nc
1137,199210_83.nc
1137,199211_83.nc
1137,199212_83.nc
1138,199301_83.nc
1138,199302_83.nc
1138,199303_83.nc
1138,199304_83.nc
1138,199305_83.nc
1138,199306_83.nc
1138,199307_83.nc
1138,199308_83.nc
1138,199309_83.nc
1138,199310_83.nc
1138,199311_83.nc
1138,199312_83.nc
1139,199401_83.nc
1139,199402_83.nc
1139,199403_83.nc
1139,199404_83.nc
1139,199405_83.nc
1139,199406_83.nc
1139,199407_83.nc
1139,199408_83.nc
1139,199409_83.nc
1139,199410_83.nc
1139,199411_83.nc
1139,199412_83.nc
1140,199501_83.nc
1140,199502_83.nc
1140,199503_83.nc
1140,199504_83.nc
1140,199505_83.nc
1140,199506_83.nc
1140,199507_83.nc
1140,199508_83.nc
1140,199509_83.nc
1140,199510_83.nc
1140,199511_83.nc
1140,199512_83.nc
1141,199601_83.nc
1141,199602_83.nc
1141,199603_83.nc
1141,199604_83.nc
1141,199605_83.nc
1141,199606_83.nc
1141,199607_83.nc
1141,199608_83.nc
1141,199609_83.nc
1141,199610_83.nc
1141,199611_83.nc
1141,199612_83.nc
1142,199701_83.nc
1142,199702_83.nc
1142,199703_83.nc
1142,199704_83.nc
1142,199705_83.nc
1142,199706_83.nc
1142,199707_83.nc
1142,199708_83.nc
1142,199709_83.nc
1142,199710_83.nc
1142,199711_83.nc
1142,199712_83.nc
1143,199801_83.nc
1143,199802_83.nc
1143,199803_83.nc
1143,199804_83.nc
1143,199805_83.nc
1143,199806_83.nc
1143,199807_83.nc
1143,199808_83.nc
1143,199809_83.nc
1143,199810_83.nc
1143,199811_83.nc
1143,199812_83.nc
1144,199901_83.nc
1144,199902_83.nc
1144,199903_83.nc
1144,199904_83.nc
1144,199905_83.nc
1144,199906_83.nc
1144,199907_83.nc
1144,199908_83.nc
1144,199909_83.nc
1144,199910_83.nc
1144,199911_83.nc
1144,199912_83.nc
1145,200001_83.nc
1145,200002_83.nc
1145,200003_83.nc
1145,200004_83.nc
1145,200005_83.nc
1145,200006_83.nc
1145,200007_83.nc
1145,200008_83.nc
1145,200009_83.nc
1145,200010_83.nc
1145,200011_83.nc
1145,200012_83.nc
1146,200101_83.nc
1146,200102_83.nc
1146,200103_83.nc
1146,200104_83.nc
1146,200105_83.nc
1146,200106_83.nc
1146,200107_83.nc
1146,200108_83.nc
1146,200109_83.nc
1146,200110_83.nc
1146,200111_83.nc
1146,200112_83.nc
1147,200201_83.nc
1147,200202_83.nc
1147,200203_83.nc
1147,200204_83.nc
1147,200205_83.nc
1147,200206_83.nc
1147,200207_83.nc
1147,200208_83.nc
1147,200209_83.nc
1147,200210_83.nc
1147,200211_83.nc
1147,200212_83.nc
1148,200301_83.nc
1148,200302_83.nc
1148,200303_83.nc
1148,200304_83.nc
1148,200305_83.nc
1148,200306_83.nc
1148,200307_83.nc
1148,200308_83.nc
1148,200309_83.nc
1148,200310_83.nc
1148,200311_83.nc
1148,200312_83.nc
1149,200401_83.nc
1149,200402_83.nc
1149,200403_83.nc
1149,200404_83.nc
1149,200405_83.nc
1149,200406_83.nc
1149,200407_83.nc
1149,200408_83.nc
1149,200409_83.nc
1149,200410_83.nc
1149,200411_83.nc
1149,200412_83.nc
1150,200501_83.nc
1150,200502_83.nc
1150,200503_83.nc
1150,200504_83.nc
1150,200505_83.nc
1150,200506_83.nc
1150,200507_83.nc
1150,200508_83.nc
1150,200509_83.nc
1150,200510_83.nc
1150,200511_83.nc
1150,200512_83.nc
