1491370370.475205 client started (620): socket /private/tmp/tmux-501/default, protocol 8
1491370370.475235 on Darwin 16.5.0 Darwin Kernel Version 16.5.0: Fri Mar  3 16:52:33 PST 2017; root:xnu-3789.51.2~3/RELEASE_X86_64; libevent 2.1.8-stable (select)
1491370370.475317 socket is /private/tmp/tmux-501/default
1491370370.475333 trying connect
1491370370.475358 connect failed: No such file or directory
1491370370.475474 lock file is /private/tmp/tmux-501/default.lock
1491370370.475529 flock succeeded
1491370370.475533 got lock (7)
1491370370.475538 trying connect
1491370370.475546 connect failed: No such file or directory
1491370370.476049 add peer 0x7f9a87802800: 8 (0x0)
1491370370.477211 sending message 100 to peer 0x7f9a87802800 (4 bytes)
1491370370.477230 sending message 101 to peer 0x7f9a87802800 (15 bytes)
1491370370.477234 sending message 102 to peer 0x7f9a87802800 (13 bytes)
1491370370.477238 sending message 108 to peer 0x7f9a87802800 (68 bytes)
1491370370.477249 sending message 104 to peer 0x7f9a87802800 (0 bytes)
1491370370.477253 sending message 107 to peer 0x7f9a87802800 (4 bytes)
1491370370.477256 sending message 105 to peer 0x7f9a87802800 (44 bytes)
1491370370.477260 sending message 105 to peer 0x7f9a87802800 (49 bytes)
1491370370.477263 sending message 105 to peer 0x7f9a87802800 (131 bytes)
1491370370.477267 sending message 105 to peer 0x7f9a87802800 (23 bytes)
1491370370.477270 sending message 105 to peer 0x7f9a87802800 (174 bytes)
1491370370.477273 sending message 105 to peer 0x7f9a87802800 (27 bytes)
1491370370.477277 sending message 105 to peer 0x7f9a87802800 (20 bytes)
1491370370.477280 sending message 105 to peer 0x7f9a87802800 (16 bytes)
1491370370.477283 sending message 105 to peer 0x7f9a87802800 (50 bytes)
1491370370.477286 sending message 105 to peer 0x7f9a87802800 (11 bytes)
1491370370.477289 sending message 105 to peer 0x7f9a87802800 (57 bytes)
1491370370.477292 sending message 105 to peer 0x7f9a87802800 (68 bytes)
1491370370.477296 sending message 105 to peer 0x7f9a87802800 (30 bytes)
1491370370.477299 sending message 105 to peer 0x7f9a87802800 (76 bytes)
1491370370.477302 sending message 105 to peer 0x7f9a87802800 (21 bytes)
1491370370.477305 sending message 105 to peer 0x7f9a87802800 (28 bytes)
1491370370.477308 sending message 105 to peer 0x7f9a87802800 (60 bytes)
1491370370.477311 sending message 105 to peer 0x7f9a87802800 (17 bytes)
1491370370.477315 sending message 105 to peer 0x7f9a87802800 (40 bytes)
1491370370.477318 sending message 105 to peer 0x7f9a87802800 (37 bytes)
1491370370.477321 sending message 105 to peer 0x7f9a87802800 (11 bytes)
1491370370.477324 sending message 105 to peer 0x7f9a87802800 (36 bytes)
1491370370.477327 sending message 105 to peer 0x7f9a87802800 (47 bytes)
1491370370.477330 sending message 105 to peer 0x7f9a87802800 (34 bytes)
1491370370.477333 sending message 105 to peer 0x7f9a87802800 (38 bytes)
1491370370.477337 sending message 105 to peer 0x7f9a87802800 (26 bytes)
1491370370.477353 sending message 105 to peer 0x7f9a87802800 (26 bytes)
1491370370.477363 sending message 105 to peer 0x7f9a87802800 (66 bytes)
1491370370.477369 sending message 105 to peer 0x7f9a87802800 (38 bytes)
1491370370.477374 sending message 105 to peer 0x7f9a87802800 (48 bytes)
1491370370.477379 sending message 105 to peer 0x7f9a87802800 (17 bytes)
1491370370.477385 sending message 105 to peer 0x7f9a87802800 (52 bytes)
1491370370.477390 sending message 105 to peer 0x7f9a87802800 (66 bytes)
1491370370.477395 sending message 105 to peer 0x7f9a87802800 (35 bytes)
1491370370.477400 sending message 105 to peer 0x7f9a87802800 (1421 bytes)
1491370370.477419 sending message 105 to peer 0x7f9a87802800 (62 bytes)
1491370370.477424 sending message 105 to peer 0x7f9a87802800 (72 bytes)
1491370370.477428 sending message 105 to peer 0x7f9a87802800 (76 bytes)
1491370370.477431 sending message 105 to peer 0x7f9a87802800 (38 bytes)
1491370370.477434 sending message 105 to peer 0x7f9a87802800 (26 bytes)
1491370370.477437 sending message 105 to peer 0x7f9a87802800 (38 bytes)
1491370370.477440 sending message 105 to peer 0x7f9a87802800 (42 bytes)
1491370370.477452 sending message 105 to peer 0x7f9a87802800 (22 bytes)
1491370370.477456 sending message 105 to peer 0x7f9a87802800 (26 bytes)
1491370370.477459 sending message 105 to peer 0x7f9a87802800 (56 bytes)
1491370370.477462 sending message 105 to peer 0x7f9a87802800 (26 bytes)
1491370370.477465 sending message 105 to peer 0x7f9a87802800 (14 bytes)
1491370370.477468 sending message 105 to peer 0x7f9a87802800 (29 bytes)
1491370370.477472 sending message 105 to peer 0x7f9a87802800 (43 bytes)
1491370370.477484 sending message 105 to peer 0x7f9a87802800 (36 bytes)
1491370370.477493 sending message 105 to peer 0x7f9a87802800 (19 bytes)
1491370370.477499 sending message 105 to peer 0x7f9a87802800 (16 bytes)
1491370370.477523 sending message 105 to peer 0x7f9a87802800 (8 bytes)
1491370370.477532 sending message 105 to peer 0x7f9a87802800 (18 bytes)
1491370370.477537 sending message 105 to peer 0x7f9a87802800 (15 bytes)
1491370370.477542 sending message 105 to peer 0x7f9a87802800 (29 bytes)
1491370370.477548 sending message 105 to peer 0x7f9a87802800 (31 bytes)
1491370370.477553 sending message 105 to peer 0x7f9a87802800 (45 bytes)
1491370370.477559 sending message 105 to peer 0x7f9a87802800 (51 bytes)
1491370370.477564 sending message 105 to peer 0x7f9a87802800 (417 bytes)
1491370370.477581 sending message 105 to peer 0x7f9a87802800 (18 bytes)
1491370370.477588 sending message 105 to peer 0x7f9a87802800 (61 bytes)
1491370370.477593 sending message 105 to peer 0x7f9a87802800 (35 bytes)
1491370370.477598 sending message 105 to peer 0x7f9a87802800 (77 bytes)
1491370370.477603 sending message 105 to peer 0x7f9a87802800 (43 bytes)
1491370370.477608 sending message 105 to peer 0x7f9a87802800 (14 bytes)
1491370370.477612 sending message 105 to peer 0x7f9a87802800 (37 bytes)
1491370370.477617 sending message 105 to peer 0x7f9a87802800 (40 bytes)
1491370370.477623 sending message 105 to peer 0x7f9a87802800 (15 bytes)
1491370370.477628 sending message 105 to peer 0x7f9a87802800 (47 bytes)
1491370370.477633 sending message 105 to peer 0x7f9a87802800 (25 bytes)
1491370370.477638 sending message 105 to peer 0x7f9a87802800 (49 bytes)
1491370370.477644 sending message 105 to peer 0x7f9a87802800 (53 bytes)
1491370370.477650 sending message 105 to peer 0x7f9a87802800 (50 bytes)
1491370370.477656 sending message 105 to peer 0x7f9a87802800 (75 bytes)
1491370370.477661 sending message 105 to peer 0x7f9a87802800 (30 bytes)
1491370370.477675 sending message 105 to peer 0x7f9a87802800 (24 bytes)
1491370370.477680 sending message 105 to peer 0x7f9a87802800 (22 bytes)
1491370370.477683 sending message 105 to peer 0x7f9a87802800 (20 bytes)
1491370370.477687 sending message 105 to peer 0x7f9a87802800 (17 bytes)
1491370370.477690 sending message 105 to peer 0x7f9a87802800 (15 bytes)
1491370370.477693 sending message 106 to peer 0x7f9a87802800 (0 bytes)
1491370370.477697 sending message 200 to peer 0x7f9a87802800 (13 bytes)
1491370370.477701 client loop enter
1491370371.303145 peer 0x7f9a87802800 message 207
1491370371.303157 sending message 208 to peer 0x7f9a87802800 (0 bytes)
1491370522.958467 sending message 208 to peer 0x7f9a87802800 (0 bytes)
1491371788.136137 sending message 205 to peer 0x7f9a87802800 (0 bytes)
1491371788.137430 peer 0x7f9a87802800 message 204
1491371788.137441 client loop exit
